ispEXPERT Compiler Release 2.0.00.17.20.15, May 20 2002 13:06:40


Design Parameters
-----------------

EFFORT:                         MEDIUM (2)
IGNORE_FIXED_PIN:               OFF
MAX_GLB_IN:                     11
MAX_GLB_OUT:                    4
OUTPUT_FORM:                    VERILOG, VHDL
OS_VERSION:                     Windows NT 6.1
PARAM_FILE:                     'c:\projekt\espfluke\ver1\run5\ispxpert'
PIN_FILE:                       'c:\projekt\espfluke\ver1\run5\espfluke.xpn'
STRATEGY:                       DELAY
TIMING_ANALYZER:                ON 
USE_GLOBAL_RESET:               ON


Design Specification
--------------------

Design:                         espfluke
Part:                           ispLSI1032E-70LJ84


ISP:                            ON
ISP_EXCEPT_Y2:                  OFF
PULL:                           UP
SECURITY:                       OFF
SLOWSLEW:                       OFF


Number of Critical Pins:        0
Number of Free Pins:            1
Number of Locked Pins:          18
Number of Reserved Pins:        0


Input Pins

    Pin Name                Pin Attribute

        AS_IN(1)                LOCK 52, PULLUP
        AS_IN(2)                LOCK 51, PULLUP
        AS_IN(3)                LOCK 50, PULLUP
        AS_IN(4)                LOCK 49, PULLUP
        AS_IN(5)                LOCK 48, PULLUP
        AS_IN(6)                LOCK 53, PULLUP
        CLK_MASTER              PULLUP
        DS_IN                   LOCK 72, PULLUP
        ML_IN                   LOCK 71, PULLUP
        MUP_IN                  LOCK 70, PULLUP
        OUT_IN(0)               LOCK 56, PULLUP
        OUT_IN(1)               LOCK 57, PULLUP
        OUT_IN(2)               LOCK 58, PULLUP
        OUT_IN(3)               LOCK 59, PULLUP
        OVFL_IN                 LOCK 69, PULLUP
        RNG2_IN                 LOCK 46, PULLUP
        SCL_IN                  LOCK 55, PULLUP


Output Pins

    Pin Name                Pin Attribute

        LED                     LOCK 45, PULLUP, SLOWSLEW


Bidirectional Pins

    Pin Name                Pin Attribute

        SDA_BI                  LOCK 54, SLOWSLEW


Pre-Route Design Statistics
---------------------------

Number of Macrocells:           82
Number of GLBs:                 27
Number of I/Os:                 18
Number of Nets:                 97

Number of Free Inputs:          0
Number of Free Outputs:         0
Number of Free Three-States:    0
Number of Free Bidi's:          0

Number of Locked Input IOCs:    16
Number of Locked DIs:           0
Number of Locked Outputs:       1
Number of Locked Three-States:  0
Number of Locked Bidi's:        1

Number of CRIT Outputs:         0
Number of Global OEs:           0
Number of External Clocks:      1


GLB Utilization (Out of 32):	84%
I/O Utilization (Out of 68):	26%
Net Utilization (Out of 196):	49%


Nets with Fanout of  1:         14
Nets with Fanout of  2:         54
Nets with Fanout of  3:         8
Nets with Fanout of  4:         3
Nets with Fanout of  5:         7
Nets with Fanout of  6:         6
Nets with Fanout of  7:         4
Nets with Fanout of 12:         1

Average Fanout per Net:         2.77


GLBs with  3 Input(s):          1
GLBs with  4 Input(s):          2
GLBs with  7 Input(s):          2
GLBs with  8 Input(s):          2
GLBs with  9 Input(s):          3
GLBs with 10 Input(s):          4
GLBs with 11 Input(s):          4
GLBs with 12 Input(s):          2
GLBs with 13 Input(s):          7

Average Inputs per GLB:         9.89


GLBs with  1 Output(s):         3
GLBs with  2 Output(s):         7
GLBs with  3 Output(s):         3
GLBs with  4 Output(s):         14

Average Outputs per GLB:        3.04


Output Enable Nets:             1

    Net Name                Net Fanout

    BUF_1959                    1


Number of GLB Registers:        73
Number of IOC Registers:        0


Post-Route Design Implementation
--------------------------------

Number of Macrocells:		82
Number of GLBs:			27
Number of IOCs:			18
Number of DIs:			0
Number of GLB Levels:		3


GLB glb00, B1

    13 Input(s)
        (glb00.O2, UQNN_N27, I6), (glb15.O0, UQNN_N32, I0), (glb15.O1, 
        UQNN_N23, I1), (glb00.O1, UQNN_N34, I17), (glb17.O0, 
        UQNN_N28, I8), (glb16.O2, UQNN_N20, I13), (glb00.O0, 
        LED_C, I16), (glb16.O1, UQNN_N21, I5), (glb14.O1, 
        UQNN_N8, I2), (glb14.O0, UQNN_N9, I3), (glb14.O3, 
        UQNN_N10, I11), (glb07.O0, UQNN_N11, I4), (glb00.O3, 
        UQNN_N24, I7)
    4 Output(s)
        (UQNN_N34, O1), (UQNN_N27, O2), (UQNN_N24, O3), (LED_C, O0)
    10 Product Term(s)

    Output UQNN_N34

        6 Input(s)
            UQNN_N23, UQNN_N24, UQNN_N28, UQNN_N20, UQNN_N34, UQNN_N21
        2 Fanout(s)
            glb15.I5, glb00.I17
        3 Product Term(s)
        1 GLB Level(s)

        UQNN_N34.D = UQNN_N34 & UQNN_N24 & !UQNN_N20 & !UQNN_N21
            # UQNN_N23 & UQNN_N24 & !UQNN_N20 & !UQNN_N21
            # UQNN_N34 & !UQNN_N20 & !UQNN_N21 & !UQNN_N28
        UQNN_N34.C = CLK_MASTERX
        UQNN_N34.R = 
    Output UQNN_N27

        8 Input(s)
            UQNN_N9, UQNN_N8, UQNN_N10, UQNN_N11, UQNN_N27, UQNN_N28,
            UQNN_N20, UQNN_N21
        7 Fanout(s)
            glb07.I6, glb17.I6, glb00.I6, glb14.I9, glb08.I9, glb03.I9,
            glb09.I9
        4 Product Term(s)
        1 GLB Level(s)

        UQNN_N27.D = (UQNN_N20
            # !UQNN_N21 & !UQNN_N27
            # UQNN_N28 & UQNN_N11 & !UQNN_N8 & !UQNN_N21 & !UQNN_N9
            & !UQNN_N10)
            $ VCC
        UQNN_N27.C = CLK_MASTERX
        UQNN_N27.R = 
    Output UQNN_N24

        10 Input(s)
            UQNN_N9, UQNN_N8, UQNN_N23, UQNN_N24, UQNN_N10, UQNN_N11,
            UQNN_N28, UQNN_N32, UQNN_N20, UQNN_N21
        3 Fanout(s)
            glb00.I7, glb16.I8, glb03.I8
        2 Product Term(s)
        1 GLB Level(s)

        UQNN_N24.D = UQNN_N24 & !UQNN_N20 & !UQNN_N21 & !UQNN_N23
            # UQNN_N32 & UQNN_N28 & UQNN_N8 & UQNN_N9 & UQNN_N10
            & !UQNN_N20 & !UQNN_N21 & !UQNN_N11
        UQNN_N24.C = CLK_MASTERX
        UQNN_N24.R = 
    Output LED_C

        3 Input(s)
            UQNN_N20, UQNN_N21, LED_C
        4 Fanout(s)
            glb17.I4, glb00.I16, glb02.I11, LED.IR
        2 Product Term(s)
        1 GLB Level(s)

        LED_C.D = LED_C & !UQNN_N20
            # UQNN_N21 & !UQNN_N20
        LED_C.C = CLK_MASTERX
        LED_C.R = 

GLB glb01, B6

    11 Input(s)
        (glb15.O0, UQNN_N32, I0), (glb14.O2, UQNN_N33, I1), (glb19.O1, 
        UQNN_N38, I5), (glb21.O1, UQNN_N40, I14), (glb20.O0, 
        UQNN_N42, I8), (glb18.O0, UQNN_N44, I4), (glb17.O2, 
        UQNN_N49, I10), (glb14.O1, UQNN_N8, I2), (glb14.O0, 
        UQNN_N9, I3), (glb14.O3, UQNN_N10, I11), (glb10.O1, 
        OR_1646, I9)
    3 Output(s)
        (UQNN_N26, O0), (UQNN_N25, O1), (AND_1645, O2)
    7 Product Term(s)

    Output UQNN_N26

        2 Input(s)
            UQNN_N32, UQNN_N33
        1 Fanout(s)
            glb26.I8
        2 Product Term(s)
        1 GLB Level(s)

        UQNN_N26.D = (!UQNN_N32 & !UQNN_N33)
            $ VCC
        UQNN_N26.C = CLK_MASTERX
        UQNN_N26.R = 
    Output UQNN_N25

        10 Input(s)
            UQNN_N9, UQNN_N8, UQNN_N40, UQNN_N10, UQNN_N38, UQNN_N42,
            UQNN_N44, OR_1646, UQNN_N32, UQNN_N49
        1 Fanout(s)
            SDA_BI.IR
        5 Product Term(s)
        2 GLB Level(s)

        UQNN_N25.D = (UQNN_N32 & UQNN_N49 & OR_1646
            # UQNN_N32 & UQNN_N38 & UQNN_N49 & UQNN_N9 & UQNN_N10
            & !UQNN_N8
            # UQNN_N32 & UQNN_N40 & UQNN_N49 & UQNN_N10 & !UQNN_N8
            & !UQNN_N9
            # UQNN_N32 & UQNN_N42 & UQNN_N49 & UQNN_N9 & !UQNN_N8
            & !UQNN_N10
            # UQNN_N32 & UQNN_N44 & UQNN_N49 & !UQNN_N8 & !UQNN_N9
            & !UQNN_N10)
        UQNN_N25.C = CLK_MASTERX
        UQNN_N25.R = 
    Output AND_1645

        3 Input(s)
            UQNN_N9, UQNN_N8, UQNN_N10
        1 Fanout(s)
            glb07.I10
        1 Product Term(s)
        1 GLB Level(s)

        AND_1645 = UQNN_N8 & UQNN_N9 & UQNN_N10


Clock GLB glb02, C0

    7 Input(s)
        (AS_IN(1).O, AS_IN(1)X, I8), (AS_IN(2).O, AS_IN(2)X, I9), 
        (AS_IN(6).O, AS_IN(6)X, I12), (glb02.O3, CNT_SIG[0], I17), 
        (glb02.O2, UPDATE_SIG, I16), (glb00.O0, LED_C, I11), (glb03.O1, 
        READ_REQ_SIG, I14)
    4 Output(s)
        (UPDATE_SIG, O2), (CNT_SIG[0], O3), (BUF_1961, O1), 
        (BUF_1960, O0)
    7 Product Term(s)

    Output UPDATE_SIG

        4 Input(s)
            AS_IN(6)X, UPDATE_SIG, AS_IN(1)X, LED_C
        12 Fanout(s)
            glb24.I2, glb12.I2, glb26.I2, glb13.I2, glb02.I16, glb05.I13,
            glb22.I13, glb04.I13, glb06.I13, glb11.I9, glb23.I13,
            glb25.I13
        3 Product Term(s)
        1 GLB Level(s)

        UPDATE_SIG.D = UPDATE_SIG & !AS_IN(1)X
            # AS_IN(6)X & !LED_C
            # UPDATE_SIG & !LED_C
        UPDATE_SIG.C = CLK_MASTERX
        UPDATE_SIG.R = 
    Output CNT_SIG[0]

        3 Input(s)
            READ_REQ_SIG, CNT_SIG[0], LED_C
        6 Fanout(s)
            glb18.I7, glb17.I3, glb02.I17, glb19.I12, glb21.I12,
            glb20.I12
        2 Product Term(s)
        1 GLB Level(s)

        CNT_SIG[0].D = LED_C & READ_REQ_SIG & !CNT_SIG[0]
            # CNT_SIG[0] & LED_C & !READ_REQ_SIG
        CNT_SIG[0].C = CLK_MASTERX
        CNT_SIG[0].R = 
    Output BUF_1961

        1 Input(s)
            AS_IN(6)X
        2 Fanout(s)
            glb26.CLK2, glb25.CLK2
        1 Product Term(s)
        1 GLB Level(s)

        BUF_1961 = AS_IN(6)X

    Output BUF_1960

        1 Input(s)
            AS_IN(2)X
        2 Fanout(s)
            glb24.CLK1, glb06.CLK1
        1 Product Term(s)
        1 GLB Level(s)

        BUF_1960 = AS_IN(2)X


GLB glb03, C4

    13 Input(s)
        (SDA_BI.O, SDA_BI_Z0, I13), (glb00.O2, UQNN_N27, I9), 
        (glb15.O1, UQNN_N23, I14), (glb08.O0, UQNN_N36, I7), (glb14.O1, 
        UQNN_N8, I6), (glb11.O0, UQNN_N122, I11), (glb09.O2, 
        UQNN_N196, I5), (glb14.O0, UQNN_N9, I12), (glb14.O3, 
        UQNN_N10, I15), (glb07.O0, UQNN_N11, I0), (glb03.O3, 
        UQNN_N13, I17), (glb03.O0, UQNN_N14, I16), (glb00.O3, 
        UQNN_N24, I8)
    4 Output(s)
        (UQNN_N14, O0), (UQNN_N13, O3), (READ_REQ_SIG, O1), 
        (OR_1665, O2)
    8 Product Term(s)

    Output UQNN_N14

        8 Input(s)
            UQNN_N9, UQNN_N8, UQNN_N23, UQNN_N10, UQNN_N11, UQNN_N27,
            UQNN_N14, SDA_BI_Z0
        2 Fanout(s)
            glb03.I16, glb11.I15
        3 Product Term(s)
        1 GLB Level(s)

        UQNN_N14.D = (UQNN_N14
            # UQNN_N27 & UQNN_N23 & UQNN_N8 & UQNN_N9 & !UQNN_N11
            & !UQNN_N10)
            $ UQNN_N27 & UQNN_N23 & UQNN_N8 & UQNN_N9 & !SDA_BI_Z0
            & !UQNN_N11 & !UQNN_N10
        UQNN_N14.C = CLK_MASTERX
        UQNN_N14.R = 
    Output UQNN_N13

        8 Input(s)
            UQNN_N9, UQNN_N8, UQNN_N23, UQNN_N10, UQNN_N11, UQNN_N13,
            UQNN_N27, SDA_BI_Z0
        2 Fanout(s)
            glb03.I17, glb11.I8
        3 Product Term(s)
        1 GLB Level(s)

        UQNN_N13.D = (UQNN_N13
            # UQNN_N27 & UQNN_N23 & UQNN_N10 & !UQNN_N8 & !UQNN_N11
            & !UQNN_N9)
            $ UQNN_N27 & UQNN_N23 & UQNN_N10 & !UQNN_N8 & !SDA_BI_Z0
            & !UQNN_N11 & !UQNN_N9
        UQNN_N13.C = CLK_MASTERX
        UQNN_N13.R = 
    Output READ_REQ_SIG

        7 Input(s)
            UQNN_N36, UQNN_N23, UQNN_N24, UQNN_N27, SDA_BI_Z0, UQNN_N122,
            UQNN_N196
        2 Fanout(s)
            glb17.I5, glb02.I14
        2 Product Term(s)
        2 GLB Level(s)

        READ_REQ_SIG.D = (UQNN_N23 & UQNN_N24 & !SDA_BI_Z0
            # UQNN_N27 & UQNN_N36 & UQNN_N122 & UQNN_N196)
        READ_REQ_SIG.C = CLK_MASTERX
        READ_REQ_SIG.R = 
    Output OR_1665

        7 Input(s)
            UQNN_N36, UQNN_N23, UQNN_N24, UQNN_N27, SDA_BI_Z0, UQNN_N122,
            UQNN_N196
        4 Fanout(s)
            glb18.I2, glb19.I9, glb21.I13, glb20.I9
        2 Product Term(s)
        2 GLB Level(s)

        OR_1665 = (UQNN_N23 & UQNN_N24 & !SDA_BI_Z0
            # UQNN_N27 & UQNN_N36 & UQNN_N122 & UQNN_N196)


GLB glb04, C7

    4 Input(s)
        (AS_IN(4).O, AS_IN(4)X, I11), (glb04.O0, BCD4_SIG[3], I16), 
        (OUT_IN(3).O, OUT_IN(3)X, I5), (glb02.O2, UPDATE_SIG, I13)
    1 Output(s)
        (BCD4_SIG[3], O0)
    3 Product Term(s)

    Output BCD4_SIG[3]

        4 Input(s)
            OUT_IN(3)X, BCD4_SIG[3], AS_IN(4)X, UPDATE_SIG
        2 Fanout(s)
            glb04.I16, glb21.I7
        2 Product Term(s)
        1 GLB Level(s)

        BCD4_SIG[3].D = OUT_IN(3)X & UPDATE_SIG
            # BCD4_SIG[3] & !UPDATE_SIG
        BCD4_SIG[3].C = AS_IN(4)X
        BCD4_SIG[3].R = 

GLB glb05, C5

    4 Input(s)
        (AS_IN(3).O, AS_IN(3)X, I10), (glb05.O0, BCD3_SIG[3], I16), 
        (OUT_IN(3).O, OUT_IN(3)X, I5), (glb02.O2, UPDATE_SIG, I13)
    1 Output(s)
        (BCD3_SIG[3], O0)
    3 Product Term(s)

    Output BCD3_SIG[3]

        4 Input(s)
            OUT_IN(3)X, BCD3_SIG[3], UPDATE_SIG, AS_IN(3)X
        2 Fanout(s)
            glb18.I4, glb05.I16
        2 Product Term(s)
        1 GLB Level(s)

        BCD3_SIG[3].D = OUT_IN(3)X & UPDATE_SIG
            # BCD3_SIG[3] & !UPDATE_SIG
        BCD3_SIG[3].C = AS_IN(3)X
        BCD3_SIG[3].R = 

GLB glb06, D0

    3 Input(s)
        (glb06.O0, BCD2_SIG[3], I16), (OUT_IN(3).O, OUT_IN(3)X, I5), 
        (glb02.O2, UPDATE_SIG, I13)
    1 Output(s)
        (BCD2_SIG[3], O0)
    2 Product Term(s)

    Output BCD2_SIG[3]

        3 Input(s)
            OUT_IN(3)X, BCD2_SIG[3], UPDATE_SIG
        2 Fanout(s)
            glb06.I16, glb21.I11
        2 Product Term(s)
        1 GLB Level(s)

        BCD2_SIG[3].D = OUT_IN(3)X & UPDATE_SIG
            # BCD2_SIG[3] & !UPDATE_SIG
        BCD2_SIG[3].C = BUF_1960
        BCD2_SIG[3].R = 

GLB glb07, A5

    11 Input(s)
        (glb00.O2, UQNN_N27, I6), (glb15.O0, UQNN_N32, I0), (glb09.O3, 
        UQNN_N120, I11), (glb15.O1, UQNN_N23, I5), (glb17.O0, 
        UQNN_N28, I8), (glb16.O2, UQNN_N20, I13), (glb16.O1, 
        UQNN_N21, I14), (glb09.O2, UQNN_N196, I1), (glb07.O0, 
        UQNN_N11, I16), (glb15.O2, UQNN_N22, I2), (glb01.O2, 
        AND_1645, I10)
    2 Output(s)
        (UQNN_N11, O0), (OR_1670, O1)
    12 Product Term(s)

    Output UQNN_N11

        9 Input(s)
            UQNN_N22, UQNN_N23, UQNN_N11, UQNN_N27, AND_1645, UQNN_N196,
            UQNN_N20, UQNN_N120, UQNN_N21
        5 Fanout(s)
            glb07.I16, glb00.I4, glb08.I11, glb03.I0, glb09.I11
        4 Product Term(s)
        2 GLB Level(s)

        UQNN_N11.D = (UQNN_N196 & UQNN_N11 & !UQNN_N20 & !UQNN_N120
            & !UQNN_N21 & !UQNN_N27 & !UQNN_N22
            # UQNN_N23 & UQNN_N22 & AND_1645 & !UQNN_N20 & !UQNN_N120
            & !UQNN_N21 & !UQNN_N196
            # UQNN_N27 & UQNN_N23 & AND_1645 & !UQNN_N20 & !UQNN_N120
            & !UQNN_N21 & !UQNN_N11 & !UQNN_N196)
            $ UQNN_N11 & !UQNN_N20 & !UQNN_N120 & !UQNN_N21 & !UQNN_N196
        UQNN_N11.C = CLK_MASTERX
        UQNN_N11.R = 
    Output OR_1670

        11 Input(s)
            UQNN_N22, UQNN_N23, UQNN_N11, UQNN_N27, UQNN_N28, UQNN_N32,
            AND_1645, UQNN_N196, UQNN_N20, UQNN_N120, UQNN_N21
        1 Fanout(s)
            glb14.I1
        8 Product Term(s)
        2 GLB Level(s)

        OR_1670 = (UQNN_N120
            # UQNN_N20
            # UQNN_N21
            # UQNN_N27 & UQNN_N196
            # UQNN_N196 & UQNN_N22
            # UQNN_N23 & UQNN_N22
            # UQNN_N27 & UQNN_N23 & !UQNN_N11
            # UQNN_N32 & UQNN_N28 & !UQNN_N11 & !AND_1645)


GLB glb08, C3

    11 Input(s)
        (SDA_BI.O, SDA_BI_Z0, I13), (glb00.O2, UQNN_N27, I9), 
        (glb15.O1, UQNN_N23, I14), (glb08.O0, UQNN_N36, I16), 
        (glb14.O1, UQNN_N8, I6), (glb14.O0, UQNN_N9, I12), (glb14.O3, 
        UQNN_N10, I15), (glb07.O0, UQNN_N11, I11), (glb08.O3, 
        UQNN_N15, I4), (glb08.O2, UQNN_N16, I5), (glb08.O1, 
        UQNN_N17, I17)
    4 Output(s)
        (UQNN_N36, O0), (UQNN_N17, O1), (UQNN_N16, O2), (UQNN_N15, O3)
    12 Product Term(s)

    Output UQNN_N36

        8 Input(s)
            UQNN_N9, UQNN_N36, UQNN_N8, UQNN_N23, UQNN_N10, UQNN_N11,
            UQNN_N27, SDA_BI_Z0
        3 Fanout(s)
            glb15.I8, glb08.I16, glb03.I7
        3 Product Term(s)
        1 GLB Level(s)

        UQNN_N36.D = (UQNN_N36
            # UQNN_N27 & UQNN_N23 & UQNN_N8 & UQNN_N9 & UQNN_N10
            & !UQNN_N11)
            $ UQNN_N27 & UQNN_N23 & UQNN_N8 & UQNN_N9 & UQNN_N10
            & !SDA_BI_Z0 & !UQNN_N11
        UQNN_N36.C = CLK_MASTERX
        UQNN_N36.R = 
    Output UQNN_N17

        8 Input(s)
            UQNN_N9, UQNN_N8, UQNN_N23, UQNN_N10, UQNN_N11, UQNN_N27,
            SDA_BI_Z0, UQNN_N17
        2 Fanout(s)
            glb08.I17, glb11.I2
        3 Product Term(s)
        1 GLB Level(s)

        UQNN_N17.D = (UQNN_N17
            # UQNN_N27 & UQNN_N23 & !UQNN_N8 & !UQNN_N11 & !UQNN_N9
            & !UQNN_N10)
            $ UQNN_N27 & UQNN_N23 & !UQNN_N8 & !SDA_BI_Z0 & !UQNN_N11
            & !UQNN_N9 & !UQNN_N10
        UQNN_N17.C = CLK_MASTERX
        UQNN_N17.R = 
    Output UQNN_N16

        8 Input(s)
            UQNN_N9, UQNN_N8, UQNN_N23, UQNN_N10, UQNN_N11, UQNN_N27,
            SDA_BI_Z0, UQNN_N16
        2 Fanout(s)
            glb08.I5, glb11.I5
        3 Product Term(s)
        1 GLB Level(s)

        UQNN_N16.D = (UQNN_N16
            # UQNN_N27 & UQNN_N23 & UQNN_N8 & !UQNN_N11 & !UQNN_N9
            & !UQNN_N10)
            $ UQNN_N27 & UQNN_N23 & UQNN_N8 & !SDA_BI_Z0 & !UQNN_N11
            & !UQNN_N9 & !UQNN_N10
        UQNN_N16.C = CLK_MASTERX
        UQNN_N16.R = 
    Output UQNN_N15

        8 Input(s)
            UQNN_N9, UQNN_N8, UQNN_N23, UQNN_N10, UQNN_N11, UQNN_N27,
            SDA_BI_Z0, UQNN_N15
        2 Fanout(s)
            glb08.I4, glb11.I4
        3 Product Term(s)
        1 GLB Level(s)

        UQNN_N15.D = (UQNN_N15
            # UQNN_N27 & UQNN_N23 & UQNN_N9 & !UQNN_N8 & !UQNN_N11
            & !UQNN_N10)
            $ UQNN_N27 & UQNN_N23 & UQNN_N9 & !UQNN_N8 & !SDA_BI_Z0
            & !UQNN_N11 & !UQNN_N10
        UQNN_N15.C = CLK_MASTERX
        UQNN_N15.R = 

GLB glb09, D6

    11 Input(s)
        (SDA_BI.O, SDA_BI_Z0, I13), (glb00.O2, UQNN_N27, I9), 
        (glb09.O1, UQNN_N29, I17), (glb09.O0, UQNN_N30, I16), 
        (glb15.O0, UQNN_N32, I15), (glb15.O1, UQNN_N23, I14), 
        (glb17.O0, UQNN_N28, I7), (glb14.O1, UQNN_N8, I6), (glb14.O0, 
        UQNN_N9, I12), (glb14.O3, UQNN_N10, I4), (glb07.O0, 
        UQNN_N11, I11)
    4 Output(s)
        (UQNN_N30, O0), (UQNN_N29, O1), (UQNN_N196, O2), 
        (UQNN_N120, O3)
    8 Product Term(s)

    Output UQNN_N30

        8 Input(s)
            UQNN_N9, UQNN_N8, UQNN_N23, UQNN_N10, UQNN_N11, UQNN_N30,
            UQNN_N27, SDA_BI_Z0
        2 Fanout(s)
            glb11.I12, glb09.I16
        3 Product Term(s)
        1 GLB Level(s)

        UQNN_N30.D = (UQNN_N30
            # UQNN_N27 & UQNN_N23 & UQNN_N8 & UQNN_N10 & !UQNN_N11
            & !UQNN_N9)
            $ UQNN_N27 & UQNN_N23 & UQNN_N8 & UQNN_N10 & !SDA_BI_Z0
            & !UQNN_N11 & !UQNN_N9
        UQNN_N30.C = CLK_MASTERX
        UQNN_N30.R = 
    Output UQNN_N29

        8 Input(s)
            UQNN_N9, UQNN_N8, UQNN_N23, UQNN_N10, UQNN_N11, UQNN_N27,
            SDA_BI_Z0, UQNN_N29
        2 Fanout(s)
            glb11.I6, glb09.I17
        3 Product Term(s)
        1 GLB Level(s)

        UQNN_N29.D = (UQNN_N29
            # UQNN_N27 & UQNN_N23 & UQNN_N9 & UQNN_N10 & !UQNN_N8
            & !UQNN_N11)
            $ UQNN_N27 & UQNN_N23 & UQNN_N9 & UQNN_N10 & !UQNN_N8
            & !SDA_BI_Z0 & !UQNN_N11
        UQNN_N29.C = CLK_MASTERX
        UQNN_N29.R = 
    Output UQNN_N196

        5 Input(s)
            UQNN_N9, UQNN_N8, UQNN_N10, UQNN_N11, UQNN_N28
        5 Fanout(s)
            glb07.I1, glb17.I1, glb15.I10, glb14.I5, glb03.I5
        1 Product Term(s)
        1 GLB Level(s)

        UQNN_N196 = UQNN_N28 & UQNN_N11 & !UQNN_N8 & !UQNN_N9 & !UQNN_N10

    Output UQNN_N120

        6 Input(s)
            UQNN_N9, UQNN_N8, UQNN_N10, UQNN_N11, UQNN_N28, UQNN_N32
        3 Fanout(s)
            glb07.I11, glb15.I0, glb14.I15
        1 Product Term(s)
        1 GLB Level(s)

        UQNN_N120 = UQNN_N32 & UQNN_N28 & UQNN_N8 & UQNN_N9 & UQNN_N10
            & !UQNN_N11


GLB glb10, B2

    8 Input(s)
        (SCL_IN.O, SCL_INX, I1), (glb18.O1, UQNN_N37, I5), (glb20.O1, 
        UQNN_N39, I9), (glb21.O0, UQNN_N41, I4), (glb19.O0, 
        UQNN_N43, I0), (glb14.O1, UQNN_N8, I2), (glb14.O0, 
        UQNN_N9, I3), (glb14.O3, UQNN_N10, I11)
    2 Output(s)
        (UQNN_N12, O0), (OR_1646, O1)
    5 Product Term(s)

    Output UQNN_N12

        1 Input(s)
            SCL_INX
        2 Fanout(s)
            glb17.I8, glb15.I3
        1 Product Term(s)
        1 GLB Level(s)

        UQNN_N12.D = SCL_INX
        !UQNN_N12.C = CLK_MASTERX
        UQNN_N12.R = 
    Output OR_1646

        7 Input(s)
            UQNN_N9, UQNN_N8, UQNN_N37, UQNN_N10, UQNN_N41, UQNN_N39,
            UQNN_N43
        1 Fanout(s)
            glb01.I9
        4 Product Term(s)
        1 GLB Level(s)

        OR_1646 = UQNN_N37 & UQNN_N8 & UQNN_N9 & UQNN_N10
            # UQNN_N39 & UQNN_N8 & UQNN_N10 & !UQNN_N9
            # UQNN_N41 & UQNN_N8 & UQNN_N9 & !UQNN_N10
            # UQNN_N43 & UQNN_N8 & !UQNN_N9 & !UQNN_N10


GLB glb11, D1

    9 Input(s)
        (MUP_IN.O, MUP_INX, I13), (glb02.O2, UPDATE_SIG, I9), 
        (glb09.O1, UQNN_N29, I6), (glb09.O0, UQNN_N30, I12), (glb03.O3, 
        UQNN_N13, I8), (glb03.O0, UQNN_N14, I15), (glb08.O3, 
        UQNN_N15, I4), (glb08.O2, UQNN_N16, I5), (glb08.O1, 
        UQNN_N17, I2)
    2 Output(s)
        (UQNN_N122, O0), (TRIGGER_SIG, O1)
    3 Product Term(s)

    Output UQNN_N122

        7 Input(s)
            UQNN_N13, UQNN_N30, UQNN_N14, UQNN_N15, UQNN_N29, UQNN_N16,
            UQNN_N17
        3 Fanout(s)
            glb17.I15, glb14.I11, glb03.I11
        1 Product Term(s)
        1 GLB Level(s)

        UQNN_N122 = UQNN_N29 & UQNN_N30 & !UQNN_N13 & !UQNN_N14
            & !UQNN_N15 & !UQNN_N16 & !UQNN_N17

    Output TRIGGER_SIG

        2 Input(s)
            MUP_INX, UPDATE_SIG
        1 Fanout(s)
            glb19.I10
        0 Product Term(s)
        1 GLB Level(s)

        TRIGGER_SIG.D = VCC
        TRIGGER_SIG.C = MUP_INX
        TRIGGER_SIG.R = !UPDATE_SIG


GLB glb12, A6

    10 Input(s)
        (AS_IN(1).O, AS_IN(1)X, I7), (glb12.O3, BCD1_SIG[0], I0), 
        (glb12.O2, BCD1_SIG[1], I1), (glb12.O1, BCD1_SIG[2], I17), 
        (glb12.O0, BCD1_SIG[3], I16), (OUT_IN(0).O, OUT_IN(0)X, I11), 
        (OUT_IN(1).O, OUT_IN(1)X, I8), (OUT_IN(2).O, OUT_IN(2)X, I9), 
        (OUT_IN(3).O, OUT_IN(3)X, I10), (glb02.O2, UPDATE_SIG, I2)
    4 Output(s)
        (BCD1_SIG[3], O0), (BCD1_SIG[2], O1), (BCD1_SIG[1], O2), 
        (BCD1_SIG[0], O3)
    9 Product Term(s)

    Output BCD1_SIG[3]

        4 Input(s)
            OUT_IN(3)X, BCD1_SIG[3], UPDATE_SIG, AS_IN(1)X
        2 Fanout(s)
            glb18.I3, glb12.I16
        2 Product Term(s)
        1 GLB Level(s)

        BCD1_SIG[3].D = OUT_IN(3)X & UPDATE_SIG
            # BCD1_SIG[3] & !UPDATE_SIG
        BCD1_SIG[3].C = AS_IN(1)X
        BCD1_SIG[3].R = 
    Output BCD1_SIG[2]

        4 Input(s)
            BCD1_SIG[2], UPDATE_SIG, OUT_IN(2)X, AS_IN(1)X
        2 Fanout(s)
            glb12.I17, glb19.I13
        2 Product Term(s)
        1 GLB Level(s)

        BCD1_SIG[2].D = OUT_IN(2)X & UPDATE_SIG
            # BCD1_SIG[2] & !UPDATE_SIG
        BCD1_SIG[2].C = AS_IN(1)X
        BCD1_SIG[2].R = 
    Output BCD1_SIG[1]

        4 Input(s)
            BCD1_SIG[1], OUT_IN(1)X, UPDATE_SIG, AS_IN(1)X
        2 Fanout(s)
            glb12.I1, glb20.I14
        2 Product Term(s)
        1 GLB Level(s)

        BCD1_SIG[1].D = OUT_IN(1)X & UPDATE_SIG
            # BCD1_SIG[1] & !UPDATE_SIG
        BCD1_SIG[1].C = AS_IN(1)X
        BCD1_SIG[1].R = 
    Output BCD1_SIG[0]

        4 Input(s)
            BCD1_SIG[0], OUT_IN(0)X, UPDATE_SIG, AS_IN(1)X
        2 Fanout(s)
            glb12.I0, glb21.I15
        2 Product Term(s)
        1 GLB Level(s)

        BCD1_SIG[0].D = OUT_IN(0)X & UPDATE_SIG
            # BCD1_SIG[0] & !UPDATE_SIG
        BCD1_SIG[0].C = AS_IN(1)X
        BCD1_SIG[0].R = 

GLB glb13, B7

    10 Input(s)
        (AS_IN(5).O, AS_IN(5)X, I3), (glb13.O3, BCD5_SIG[0], I11), 
        (glb13.O2, BCD5_SIG[1], I10), (glb13.O1, BCD5_SIG[2], I17), 
        (glb13.O0, BCD5_SIG[3], I16), (OUT_IN(0).O, OUT_IN(0)X, I0), 
        (OUT_IN(1).O, OUT_IN(1)X, I8), (OUT_IN(2).O, OUT_IN(2)X, I9), 
        (OUT_IN(3).O, OUT_IN(3)X, I14), (glb02.O2, UPDATE_SIG, I2)
    4 Output(s)
        (BCD5_SIG[3], O0), (BCD5_SIG[2], O1), (BCD5_SIG[1], O2), 
        (BCD5_SIG[0], O3)
    9 Product Term(s)

    Output BCD5_SIG[3]

        4 Input(s)
            AS_IN(5)X, OUT_IN(3)X, BCD5_SIG[3], UPDATE_SIG
        2 Fanout(s)
            glb18.I12, glb13.I16
        2 Product Term(s)
        1 GLB Level(s)

        BCD5_SIG[3].D = OUT_IN(3)X & UPDATE_SIG
            # BCD5_SIG[3] & !UPDATE_SIG
        BCD5_SIG[3].C = AS_IN(5)X
        BCD5_SIG[3].R = 
    Output BCD5_SIG[2]

        4 Input(s)
            BCD5_SIG[2], AS_IN(5)X, UPDATE_SIG, OUT_IN(2)X
        2 Fanout(s)
            glb13.I17, glb19.I2
        2 Product Term(s)
        1 GLB Level(s)

        BCD5_SIG[2].D = OUT_IN(2)X & UPDATE_SIG
            # BCD5_SIG[2] & !UPDATE_SIG
        BCD5_SIG[2].C = AS_IN(5)X
        BCD5_SIG[2].R = 
    Output BCD5_SIG[1]

        4 Input(s)
            AS_IN(5)X, OUT_IN(1)X, BCD5_SIG[1], UPDATE_SIG
        2 Fanout(s)
            glb13.I10, glb20.I1
        2 Product Term(s)
        1 GLB Level(s)

        BCD5_SIG[1].D = OUT_IN(1)X & UPDATE_SIG
            # BCD5_SIG[1] & !UPDATE_SIG
        BCD5_SIG[1].C = AS_IN(5)X
        BCD5_SIG[1].R = 
    Output BCD5_SIG[0]

        4 Input(s)
            AS_IN(5)X, BCD5_SIG[0], OUT_IN(0)X, UPDATE_SIG
        2 Fanout(s)
            glb13.I11, glb21.I0
        2 Product Term(s)
        1 GLB Level(s)

        BCD5_SIG[0].D = OUT_IN(0)X & UPDATE_SIG
            # BCD5_SIG[0] & !UPDATE_SIG
        BCD5_SIG[0].C = AS_IN(5)X
        BCD5_SIG[0].R = 

GLB glb14, C2

    13 Input(s)
        (glb00.O2, UQNN_N27, I9), (glb09.O3, UQNN_N120, I15), 
        (glb14.O2, UQNN_N33, I14), (glb17.O0, UQNN_N28, I7), (glb16.O2, 
        UQNN_N20, I2), (glb16.O1, UQNN_N21, I10), (glb14.O1, 
        UQNN_N8, I17), (glb11.O0, UQNN_N122, I11), (glb09.O2, 
        UQNN_N196, I5), (glb14.O0, UQNN_N9, I16), (glb14.O3, 
        UQNN_N10, I4), (glb15.O2, UQNN_N22, I13), (glb07.O1, 
        OR_1670, I1)
    4 Output(s)
        (UQNN_N9, O0), (UQNN_N8, O1), (UQNN_N33, O2), (UQNN_N10, O3)
    17 Product Term(s)

    Output UQNN_N9

        8 Input(s)
            OR_1670, UQNN_N9, UQNN_N8, UQNN_N27, UQNN_N196, UQNN_N20,
            UQNN_N120, UQNN_N21
        7 Fanout(s)
            glb00.I3, glb10.I3, glb01.I3, glb14.I16, glb08.I12,
            glb03.I12, glb09.I12
        5 Product Term(s)
        3 GLB Level(s)

        UQNN_N9.D = (UQNN_N9 & !OR_1670
            # UQNN_N9 & !UQNN_N20 & !UQNN_N8 & !UQNN_N120 & !UQNN_N21
            & !UQNN_N27
            # UQNN_N9 & !UQNN_N20 & !UQNN_N8 & !UQNN_N120 & !UQNN_N21
            & !UQNN_N196
            # UQNN_N8 & OR_1670 & !UQNN_N20 & !UQNN_N120 & !UQNN_N21
            & !UQNN_N27 & !UQNN_N9
            # UQNN_N8 & OR_1670 & !UQNN_N20 & !UQNN_N120 & !UQNN_N21
            & !UQNN_N9 & !UQNN_N196)
        UQNN_N9.C = CLK_MASTERX
        UQNN_N9.R = 
    Output UQNN_N8

        8 Input(s)
            OR_1670, UQNN_N22, UQNN_N8, UQNN_N27, UQNN_N196, UQNN_N20,
            UQNN_N120, UQNN_N21
        7 Fanout(s)
            glb00.I2, glb10.I2, glb01.I2, glb14.I17, glb08.I6, glb03.I6,
            glb09.I6
        4 Product Term(s)
        3 GLB Level(s)

        UQNN_N8.D = (UQNN_N8 & !OR_1670
            # OR_1670 & !UQNN_N20 & !UQNN_N8 & !UQNN_N120 & !UQNN_N21
            & !UQNN_N196
            # UQNN_N8 & UQNN_N196 & UQNN_N22 & !UQNN_N20 & !UQNN_N120
            & !UQNN_N21 & !UQNN_N27
            # OR_1670 & !UQNN_N20 & !UQNN_N8 & !UQNN_N120 & !UQNN_N21
            & !UQNN_N27 & !UQNN_N22)
        UQNN_N8.C = CLK_MASTERX
        UQNN_N8.R = 
    Output UQNN_N33

        8 Input(s)
            UQNN_N22, UQNN_N27, UQNN_N28, UQNN_N122, UQNN_N33, UQNN_N196,
            UQNN_N20, UQNN_N21
        3 Fanout(s)
            glb15.I1, glb01.I1, glb14.I14
        3 Product Term(s)
        2 GLB Level(s)

        UQNN_N33.D = (UQNN_N196 & UQNN_N22 & !UQNN_N20 & !UQNN_N21
            # UQNN_N33 & !UQNN_N20 & !UQNN_N21 & !UQNN_N28
            # UQNN_N27 & UQNN_N122 & UQNN_N196 & !UQNN_N20 & !UQNN_N21)
        UQNN_N33.C = CLK_MASTERX
        UQNN_N33.R = 
    Output UQNN_N10

        10 Input(s)
            OR_1670, UQNN_N22, UQNN_N9, UQNN_N8, UQNN_N10, UQNN_N27,
            UQNN_N196, UQNN_N20, UQNN_N120, UQNN_N21
        7 Fanout(s)
            glb00.I11, glb10.I11, glb01.I11, glb14.I4, glb08.I15,
            glb03.I15, glb09.I4
        5 Product Term(s)
        3 GLB Level(s)

        UQNN_N10.D = (UQNN_N10 & !OR_1670
            # UQNN_N27 & UQNN_N196 & UQNN_N10 & !UQNN_N20 & !UQNN_N120
            & !UQNN_N21
            # UQNN_N8 & UQNN_N9 & OR_1670 & !UQNN_N20 & !UQNN_N120
            & !UQNN_N21 & !UQNN_N196
            # UQNN_N8 & UQNN_N9 & OR_1670 & !UQNN_N20 & !UQNN_N120
            & !UQNN_N21 & !UQNN_N27 & !UQNN_N22)
            $ UQNN_N10 & OR_1670 & !UQNN_N20 & !UQNN_N120 & !UQNN_N21
        UQNN_N10.C = CLK_MASTERX
        UQNN_N10.R = 

GLB glb15, B0

    13 Input(s)
        (glb16.O0, UQNN_N31, I4), (glb15.O0, UQNN_N32, I16), (glb09.O3, 
        UQNN_N120, I0), (glb14.O2, UQNN_N33, I1), (glb00.O1, 
        UQNN_N34, I5), (glb08.O0, UQNN_N36, I8), (glb17.O0, 
        UQNN_N28, I12), (glb16.O2, UQNN_N20, I6), (glb16.O1, 
        UQNN_N21, I14), (glb09.O2, UQNN_N196, I10), (glb10.O0, 
        UQNN_N12, I3), (glb15.O3, UQNN_N18, I7), (glb15.O2, 
        UQNN_N22, I17)
    4 Output(s)
        (UQNN_N32, O0), (UQNN_N23, O1), (UQNN_N22, O2), (UQNN_N18, O3)
    8 Product Term(s)

    Output UQNN_N32

        9 Input(s)
            UQNN_N36, UQNN_N28, UQNN_N31, UQNN_N32, UQNN_N33, UQNN_N20,
            UQNN_N34, UQNN_N120, UQNN_N21
        5 Fanout(s)
            glb07.I0, glb15.I16, glb00.I0, glb01.I0, glb09.I15
        3 Product Term(s)
        2 GLB Level(s)

        UQNN_N32.D = UQNN_N32 & !UQNN_N20 & !UQNN_N120 & !UQNN_N21
            # UQNN_N33 & UQNN_N36 & UQNN_N28 & !UQNN_N20 & !UQNN_N120
            & !UQNN_N21
            # UQNN_N31 & UQNN_N34 & UQNN_N36 & UQNN_N28 & !UQNN_N20
            & !UQNN_N120 & !UQNN_N21
        UQNN_N32.C = CLK_MASTERX
        UQNN_N32.R = 
    Output UQNN_N23

        2 Input(s)
            UQNN_N12, UQNN_N18
        6 Fanout(s)
            glb07.I5, glb00.I1, glb16.I10, glb08.I14, glb03.I14,
            glb09.I14
        1 Product Term(s)
        1 GLB Level(s)

        UQNN_N23.D = UQNN_N12 & !UQNN_N18
        UQNN_N23.C = CLK_MASTERX
        UQNN_N23.R = 
    Output UQNN_N22

        9 Input(s)
            UQNN_N22, UQNN_N36, UQNN_N28, UQNN_N31, UQNN_N33, UQNN_N196,
            UQNN_N20, UQNN_N34, UQNN_N21
        3 Fanout(s)
            glb07.I2, glb15.I17, glb14.I13
        3 Product Term(s)
        2 GLB Level(s)

        UQNN_N22.D = UQNN_N22 & !UQNN_N20 & !UQNN_N21 & !UQNN_N196
            # UQNN_N33 & UQNN_N28 & !UQNN_N20 & !UQNN_N21 & !UQNN_N36
            & !UQNN_N22
            # UQNN_N31 & UQNN_N34 & UQNN_N28 & !UQNN_N20 & !UQNN_N21
            & !UQNN_N36 & !UQNN_N22
        UQNN_N22.C = CLK_MASTERX
        UQNN_N22.R = 
    Output UQNN_N18

        1 Input(s)
            UQNN_N12
        3 Fanout(s)
            glb17.I7, glb15.I7, glb16.I12
        1 Product Term(s)
        1 GLB Level(s)

        UQNN_N18.D = UQNN_N12
        UQNN_N18.C = CLK_MASTERX
        UQNN_N18.R = 

GLB glb16, C1

    7 Input(s)
        (SCL_IN.O, SCL_INX, I14), (SDA_BI.O, SDA_BI_Z0, I13), 
        (glb16.O0, UQNN_N31, I16), (glb15.O1, UQNN_N23, I10), 
        (glb15.O3, UQNN_N18, I12), (glb16.O3, UQNN_N19, I17), 
        (glb00.O3, UQNN_N24, I8)
    4 Output(s)
        (UQNN_N31, O0), (UQNN_N21, O1), (UQNN_N20, O2), (UQNN_N19, O3)
    6 Product Term(s)

    Output UQNN_N31

        4 Input(s)
            UQNN_N23, UQNN_N24, UQNN_N31, SDA_BI_Z0
        2 Fanout(s)
            glb15.I4, glb16.I16
        3 Product Term(s)
        1 GLB Level(s)

        UQNN_N31.D = UQNN_N31 & !UQNN_N24
            # UQNN_N31 & !UQNN_N23
            # UQNN_N23 & UQNN_N24 & !SDA_BI_Z0
        UQNN_N31.C = CLK_MASTERX
        UQNN_N31.R = 
    Output UQNN_N21

        4 Input(s)
            UQNN_N19, SCL_INX, SDA_BI_Z0, UQNN_N18
        5 Fanout(s)
            glb07.I14, glb17.I14, glb15.I14, glb00.I5, glb14.I10
        1 Product Term(s)
        1 GLB Level(s)

        UQNN_N21.D = SCL_INX & UQNN_N18 & UQNN_N19 & !SDA_BI_Z0
        UQNN_N21.C = CLK_MASTERX
        UQNN_N21.R = 
    Output UQNN_N20

        4 Input(s)
            UQNN_N19, SCL_INX, SDA_BI_Z0, UQNN_N18
        5 Fanout(s)
            glb07.I13, glb17.I13, glb15.I6, glb00.I13, glb14.I2
        1 Product Term(s)
        1 GLB Level(s)

        UQNN_N20.D = SCL_INX & SDA_BI_Z0 & UQNN_N18 & !UQNN_N19
        UQNN_N20.C = CLK_MASTERX
        UQNN_N20.R = 
    Output UQNN_N19

        1 Input(s)
            SDA_BI_Z0
        1 Fanout(s)
            glb16.I17
        1 Product Term(s)
        1 GLB Level(s)

        UQNN_N19.D = SDA_BI_Z0
        UQNN_N19.C = CLK_MASTERX
        UQNN_N19.R = 

GLB glb17, A7

    12 Input(s)
        (glb02.O3, CNT_SIG[0], I3), (glb17.O1, CNT_SIG[1]_part2, I17), 
        (glb00.O2, UQNN_N27, I6), (glb16.O2, UQNN_N20, I13), (glb00.O0, 
        LED_C, I4), (glb17.O2, UQNN_N49, I16), (glb16.O1, 
        UQNN_N21, I14), (glb11.O0, UQNN_N122, I15), (glb09.O2, 
        UQNN_N196, I1), (glb03.O1, READ_REQ_SIG, I5), (glb10.O0, 
        UQNN_N12, I8), (glb15.O3, UQNN_N18, I7)
    4 Output(s)
        (UQNN_N49, O2), (UQNN_N28, O0), (CNT_SIG[1]_part2, O1), 
        (CNT_SIG[1]_part1, O3)
    7 Product Term(s)

    Output UQNN_N49

        6 Input(s)
            UQNN_N27, UQNN_N122, UQNN_N196, UQNN_N20, UQNN_N21, UQNN_N49
        2 Fanout(s)
            glb17.I16, glb01.I10
        4 Product Term(s)
        2 GLB Level(s)

        UQNN_N49.D = (UQNN_N20
            # !UQNN_N21 & !UQNN_N49
            # UQNN_N27 & UQNN_N196 & !UQNN_N21 & !UQNN_N122)
            $ VCC
        UQNN_N49.C = CLK_MASTERX
        UQNN_N49.R = 
    Output UQNN_N28

        2 Input(s)
            UQNN_N12, UQNN_N18
        5 Fanout(s)
            glb07.I8, glb15.I12, glb00.I8, glb14.I7, glb09.I7
        1 Product Term(s)
        1 GLB Level(s)

        UQNN_N28.D = UQNN_N18 & !UQNN_N12
        UQNN_N28.C = CLK_MASTERX
        UQNN_N28.R = 
    Output CNT_SIG[1]_part2

        4 Input(s)
            READ_REQ_SIG, CNT_SIG[1]_part2, CNT_SIG[0], LED_C
        3 Fanout(s)
            glb18.I9, glb17.I17, glb21.I6
        3 Product Term(s)
        1 GLB Level(s)

        CNT_SIG[1]_part2.D = (CNT_SIG[1]_part2 & LED_C & !CNT_SIG[0]
            # CNT_SIG[1]_part2 & LED_C & !READ_REQ_SIG
            # CNT_SIG[0] & LED_C & READ_REQ_SIG & !CNT_SIG[1]_part2)
        CNT_SIG[1]_part2.C = CLK_MASTERX
        CNT_SIG[1]_part2.R = 
    Output CNT_SIG[1]_part1

        4 Input(s)
            READ_REQ_SIG, CNT_SIG[1]_part2, CNT_SIG[0], LED_C
        2 Fanout(s)
            glb19.I4, glb20.I4
        3 Product Term(s)
        1 GLB Level(s)

        CNT_SIG[1]_part1.D = (CNT_SIG[1]_part2 & LED_C & !CNT_SIG[0]
            # CNT_SIG[1]_part2 & LED_C & !READ_REQ_SIG
            # CNT_SIG[0] & LED_C & READ_REQ_SIG & !CNT_SIG[1]_part2)
        CNT_SIG[1]_part1.C = CLK_MASTERX
        CNT_SIG[1]_part1.R = 

GLB glb18, A1

    12 Input(s)
        (glb12.O0, BCD1_SIG[3], I3), (glb24.O3, BCD2_SIG[0], I0), 
        (glb05.O0, BCD3_SIG[3], I4), (glb23.O3, BCD4_SIG[0], I11), 
        (glb13.O0, BCD5_SIG[3], I12), (glb25.O3, BCD6_SIG[0], I15), 
        (glb02.O3, CNT_SIG[0], I7), (glb17.O1, CNT_SIG[1]_part2, I9), 
        (glb23.O0, L, I8), (glb18.O1, UQNN_N37, I17), (glb18.O0, 
        UQNN_N44, I16), (glb03.O2, OR_1665, I2)
    2 Output(s)
        (UQNN_N44, O0), (UQNN_N37, O1)
    9 Product Term(s)

    Output UQNN_N44

        7 Input(s)
            BCD5_SIG[3], UQNN_N44, BCD3_SIG[3], BCD1_SIG[3], OR_1665,
            CNT_SIG[1]_part2, CNT_SIG[0]
        2 Fanout(s)
            glb18.I16, glb01.I4
        4 Product Term(s)
        3 GLB Level(s)

        UQNN_N44.D = UQNN_N44 & !OR_1665
            # BCD5_SIG[3] & CNT_SIG[1]_part2 & OR_1665 & !CNT_SIG[0]
            # BCD3_SIG[3] & CNT_SIG[0] & OR_1665 & !CNT_SIG[1]_part2
            # BCD1_SIG[3] & OR_1665 & !CNT_SIG[0] & !CNT_SIG[1]_part2
        UQNN_N44.C = CLK_MASTERX
        UQNN_N44.R = 
    Output UQNN_N37

        8 Input(s)
            UQNN_N37, BCD6_SIG[0], BCD4_SIG[0], BCD2_SIG[0], OR_1665,
            CNT_SIG[1]_part2, CNT_SIG[0], L
        2 Fanout(s)
            glb18.I17, glb10.I5
        5 Product Term(s)
        3 GLB Level(s)

        UQNN_N37.D = (UQNN_N37 & !OR_1665
            # BCD6_SIG[0] & CNT_SIG[1]_part2 & OR_1665 & !CNT_SIG[0]
            # BCD4_SIG[0] & CNT_SIG[0] & OR_1665 & !CNT_SIG[1]_part2
            # BCD2_SIG[0] & OR_1665 & !CNT_SIG[0] & !CNT_SIG[1]_part2
            # CNT_SIG[0] & CNT_SIG[1]_part2 & L & OR_1665)
        UQNN_N37.C = CLK_MASTERX
        UQNN_N37.R = 

GLB glb19, D4

    13 Input(s)
        (glb12.O1, BCD1_SIG[2], I13), (glb24.O2, BCD2_SIG[1], I14), 
        (glb22.O1, BCD3_SIG[2], I6), (glb23.O2, BCD4_SIG[1], I5), 
        (glb13.O1, BCD5_SIG[2], I2), (glb25.O2, BCD6_SIG[1], I1), 
        (glb02.O3, CNT_SIG[0], I12), (glb17.O3, CNT_SIG[1]_part1, I4), 
        (glb22.O0, M, I7), (glb11.O1, TRIGGER_SIG, I10), (glb19.O1, 
        UQNN_N38, I16), (glb19.O0, UQNN_N43, I15), (glb03.O2, 
        OR_1665, I9)
    2 Output(s)
        (UQNN_N43, O0), (UQNN_N38, O1)
    10 Product Term(s)

    Output UQNN_N43

        8 Input(s)
            BCD5_SIG[2], BCD3_SIG[2], TRIGGER_SIG, UQNN_N43, BCD1_SIG[2],
            CNT_SIG[1]_part1, OR_1665, CNT_SIG[0]
        2 Fanout(s)
            glb10.I0, glb19.I15
        5 Product Term(s)
        3 GLB Level(s)

        UQNN_N43.D = (UQNN_N43 & !OR_1665
            # BCD5_SIG[2] & CNT_SIG[1]_part1 & OR_1665 & !CNT_SIG[0]
            # BCD3_SIG[2] & CNT_SIG[0] & OR_1665 & !CNT_SIG[1]_part1
            # BCD1_SIG[2] & OR_1665 & !CNT_SIG[0] & !CNT_SIG[1]_part1
            # CNT_SIG[0] & CNT_SIG[1]_part1 & TRIGGER_SIG & OR_1665)
        UQNN_N43.C = CLK_MASTERX
        UQNN_N43.R = 
    Output UQNN_N38

        8 Input(s)
            M, UQNN_N38, BCD2_SIG[1], BCD4_SIG[1], CNT_SIG[1]_part1,
            BCD6_SIG[1], OR_1665, CNT_SIG[0]
        2 Fanout(s)
            glb01.I5, glb19.I16
        5 Product Term(s)
        3 GLB Level(s)

        UQNN_N38.D = (UQNN_N38 & !OR_1665
            # BCD6_SIG[1] & CNT_SIG[1]_part1 & OR_1665 & !CNT_SIG[0]
            # BCD4_SIG[1] & CNT_SIG[0] & OR_1665 & !CNT_SIG[1]_part1
            # BCD2_SIG[1] & OR_1665 & !CNT_SIG[0] & !CNT_SIG[1]_part1
            # CNT_SIG[0] & CNT_SIG[1]_part1 & M & OR_1665)
        UQNN_N38.C = CLK_MASTERX
        UQNN_N38.R = 

GLB glb20, D7

    13 Input(s)
        (glb12.O2, BCD1_SIG[1], I14), (glb24.O1, BCD2_SIG[2], I13), 
        (glb22.O2, BCD3_SIG[1], I5), (glb23.O1, BCD4_SIG[2], I6), 
        (glb13.O2, BCD5_SIG[1], I1), (glb25.O1, BCD6_SIG[2], I2), 
        (glb02.O3, CNT_SIG[0], I12), (glb17.O3, CNT_SIG[1]_part1, I4), 
        (glb24.O0, N, I7), (glb25.O0, OVFL_SIG, I3), (glb20.O1, 
        UQNN_N39, I17), (glb20.O0, UQNN_N42, I16), (glb03.O2, 
        OR_1665, I9)
    2 Output(s)
        (UQNN_N42, O0), (UQNN_N39, O1)
    10 Product Term(s)

    Output UQNN_N42

        8 Input(s)
            BCD1_SIG[1], UQNN_N42, BCD3_SIG[1], OVFL_SIG, BCD5_SIG[1],
            CNT_SIG[1]_part1, OR_1665, CNT_SIG[0]
        2 Fanout(s)
            glb01.I8, glb20.I16
        5 Product Term(s)
        3 GLB Level(s)

        UQNN_N42.D = (UQNN_N42 & !OR_1665
            # BCD5_SIG[1] & CNT_SIG[1]_part1 & OR_1665 & !CNT_SIG[0]
            # BCD3_SIG[1] & CNT_SIG[0] & OR_1665 & !CNT_SIG[1]_part1
            # BCD1_SIG[1] & OR_1665 & !CNT_SIG[0] & !CNT_SIG[1]_part1
            # CNT_SIG[0] & CNT_SIG[1]_part1 & OVFL_SIG & OR_1665)
        UQNN_N42.C = CLK_MASTERX
        UQNN_N42.R = 
    Output UQNN_N39

        8 Input(s)
            BCD4_SIG[2], BCD2_SIG[2], N, UQNN_N39, BCD6_SIG[2],
            CNT_SIG[1]_part1, OR_1665, CNT_SIG[0]
        2 Fanout(s)
            glb10.I9, glb20.I17
        5 Product Term(s)
        3 GLB Level(s)

        UQNN_N39.D = (UQNN_N39 & !OR_1665
            # BCD6_SIG[2] & CNT_SIG[1]_part1 & OR_1665 & !CNT_SIG[0]
            # BCD4_SIG[2] & CNT_SIG[0] & OR_1665 & !CNT_SIG[1]_part1
            # BCD2_SIG[2] & OR_1665 & !CNT_SIG[0] & !CNT_SIG[1]_part1
            # CNT_SIG[0] & CNT_SIG[1]_part1 & N & OR_1665)
        UQNN_N39.C = CLK_MASTERX
        UQNN_N39.R = 

GLB glb21, D5

    13 Input(s)
        (glb12.O3, BCD1_SIG[0], I15), (glb06.O0, BCD2_SIG[3], I11), 
        (glb22.O3, BCD3_SIG[0], I4), (glb04.O0, BCD4_SIG[3], I7), 
        (glb13.O3, BCD5_SIG[0], I0), (glb26.O2, BCD6_SIG[3], I5), 
        (glb02.O3, CNT_SIG[0], I12), (glb17.O1, CNT_SIG[1]_part2, I6), 
        (glb26.O1, FREQ_SIG, I2), (glb26.O0, ML_SIG, I3), (glb21.O1, 
        UQNN_N40, I17), (glb21.O0, UQNN_N41, I16), (glb03.O2, 
        OR_1665, I13)
    2 Output(s)
        (UQNN_N41, O0), (UQNN_N40, O1)
    10 Product Term(s)

    Output UQNN_N41

        8 Input(s)
            UQNN_N41, BCD5_SIG[0], FREQ_SIG, BCD1_SIG[0], BCD3_SIG[0],
            OR_1665, CNT_SIG[1]_part2, CNT_SIG[0]
        2 Fanout(s)
            glb10.I4, glb21.I16
        5 Product Term(s)
        3 GLB Level(s)

        UQNN_N41.D = (UQNN_N41 & !OR_1665
            # BCD5_SIG[0] & CNT_SIG[1]_part2 & OR_1665 & !CNT_SIG[0]
            # BCD3_SIG[0] & CNT_SIG[0] & OR_1665 & !CNT_SIG[1]_part2
            # BCD1_SIG[0] & OR_1665 & !CNT_SIG[0] & !CNT_SIG[1]_part2
            # CNT_SIG[0] & CNT_SIG[1]_part2 & FREQ_SIG & OR_1665)
        UQNN_N41.C = CLK_MASTERX
        UQNN_N41.R = 
    Output UQNN_N40

        8 Input(s)
            BCD6_SIG[3], UQNN_N40, ML_SIG, BCD4_SIG[3], BCD2_SIG[3],
            OR_1665, CNT_SIG[1]_part2, CNT_SIG[0]
        2 Fanout(s)
            glb01.I14, glb21.I17
        5 Product Term(s)
        3 GLB Level(s)

        UQNN_N40.D = (UQNN_N40 & !OR_1665
            # BCD6_SIG[3] & CNT_SIG[1]_part2 & OR_1665 & !CNT_SIG[0]
            # BCD4_SIG[3] & CNT_SIG[0] & OR_1665 & !CNT_SIG[1]_part2
            # BCD2_SIG[3] & OR_1665 & !CNT_SIG[0] & !CNT_SIG[1]_part2
            # CNT_SIG[0] & CNT_SIG[1]_part2 & ML_SIG & OR_1665)
        UQNN_N40.C = CLK_MASTERX
        UQNN_N40.R = 

GLB glb22, C6

    10 Input(s)
        (AS_IN(3).O, AS_IN(3)X, I10), (glb22.O3, BCD3_SIG[0], I15), 
        (glb22.O2, BCD3_SIG[1], I14), (glb22.O1, BCD3_SIG[2], I17), 
        (DS_IN.O, DS_INX, I11), (glb22.O0, M, I16), (OUT_IN(0).O, 
        OUT_IN(0)X, I4), (OUT_IN(1).O, OUT_IN(1)X, I7), (OUT_IN(2).O, 
        OUT_IN(2)X, I6), (glb02.O2, UPDATE_SIG, I13)
    4 Output(s)
        (M, O0), (BCD3_SIG[2], O1), (BCD3_SIG[1], O2), 
        (BCD3_SIG[0], O3)
    9 Product Term(s)

    Output M

        4 Input(s)
            M, UPDATE_SIG, DS_INX, AS_IN(3)X
        2 Fanout(s)
            glb22.I16, glb19.I7
        2 Product Term(s)
        1 GLB Level(s)

        M.D = DS_INX & UPDATE_SIG
            # M & !UPDATE_SIG
        M.C = AS_IN(3)X
        M.R = 
    Output BCD3_SIG[2]

        4 Input(s)
            BCD3_SIG[2], UPDATE_SIG, OUT_IN(2)X, AS_IN(3)X
        2 Fanout(s)
            glb22.I17, glb19.I6
        2 Product Term(s)
        1 GLB Level(s)

        BCD3_SIG[2].D = OUT_IN(2)X & UPDATE_SIG
            # BCD3_SIG[2] & !UPDATE_SIG
        BCD3_SIG[2].C = AS_IN(3)X
        BCD3_SIG[2].R = 
    Output BCD3_SIG[1]

        4 Input(s)
            OUT_IN(1)X, BCD3_SIG[1], UPDATE_SIG, AS_IN(3)X
        2 Fanout(s)
            glb22.I14, glb20.I5
        2 Product Term(s)
        1 GLB Level(s)

        BCD3_SIG[1].D = OUT_IN(1)X & UPDATE_SIG
            # BCD3_SIG[1] & !UPDATE_SIG
        BCD3_SIG[1].C = AS_IN(3)X
        BCD3_SIG[1].R = 
    Output BCD3_SIG[0]

        4 Input(s)
            OUT_IN(0)X, BCD3_SIG[0], UPDATE_SIG, AS_IN(3)X
        2 Fanout(s)
            glb22.I15, glb21.I4
        2 Product Term(s)
        1 GLB Level(s)

        BCD3_SIG[0].D = OUT_IN(0)X & UPDATE_SIG
            # BCD3_SIG[0] & !UPDATE_SIG
        BCD3_SIG[0].C = AS_IN(3)X
        BCD3_SIG[0].R = 

GLB glb23, D2

    10 Input(s)
        (AS_IN(4).O, AS_IN(4)X, I11), (glb23.O3, BCD4_SIG[0], I15), 
        (glb23.O2, BCD4_SIG[1], I14), (glb23.O1, BCD4_SIG[2], I17), 
        (DS_IN.O, DS_INX, I0), (glb23.O0, L, I16), (OUT_IN(0).O, 
        OUT_IN(0)X, I4), (OUT_IN(1).O, OUT_IN(1)X, I7), (OUT_IN(2).O, 
        OUT_IN(2)X, I6), (glb02.O2, UPDATE_SIG, I13)
    4 Output(s)
        (L, O0), (BCD4_SIG[2], O1), (BCD4_SIG[1], O2), 
        (BCD4_SIG[0], O3)
    9 Product Term(s)

    Output L

        4 Input(s)
            AS_IN(4)X, UPDATE_SIG, L, DS_INX
        2 Fanout(s)
            glb18.I8, glb23.I16
        2 Product Term(s)
        1 GLB Level(s)

        L.D = DS_INX & UPDATE_SIG
            # L & !UPDATE_SIG
        L.C = AS_IN(4)X
        L.R = 
    Output BCD4_SIG[2]

        4 Input(s)
            BCD4_SIG[2], AS_IN(4)X, UPDATE_SIG, OUT_IN(2)X
        2 Fanout(s)
            glb23.I17, glb20.I6
        2 Product Term(s)
        1 GLB Level(s)

        BCD4_SIG[2].D = OUT_IN(2)X & UPDATE_SIG
            # BCD4_SIG[2] & !UPDATE_SIG
        BCD4_SIG[2].C = AS_IN(4)X
        BCD4_SIG[2].R = 
    Output BCD4_SIG[1]

        4 Input(s)
            OUT_IN(1)X, AS_IN(4)X, BCD4_SIG[1], UPDATE_SIG
        2 Fanout(s)
            glb23.I14, glb19.I5
        2 Product Term(s)
        1 GLB Level(s)

        BCD4_SIG[1].D = OUT_IN(1)X & UPDATE_SIG
            # BCD4_SIG[1] & !UPDATE_SIG
        BCD4_SIG[1].C = AS_IN(4)X
        BCD4_SIG[1].R = 
    Output BCD4_SIG[0]

        4 Input(s)
            BCD4_SIG[0], AS_IN(4)X, OUT_IN(0)X, UPDATE_SIG
        2 Fanout(s)
            glb18.I11, glb23.I15
        2 Product Term(s)
        1 GLB Level(s)

        BCD4_SIG[0].D = OUT_IN(0)X & UPDATE_SIG
            # BCD4_SIG[0] & !UPDATE_SIG
        BCD4_SIG[0].C = AS_IN(4)X
        BCD4_SIG[0].R = 

GLB glb24, A2

    9 Input(s)
        (glb24.O3, BCD2_SIG[0], I0), (glb24.O2, BCD2_SIG[1], I1), 
        (glb24.O1, BCD2_SIG[2], I17), (DS_IN.O, DS_INX, I4), (glb24.O0, 
        N, I16), (OUT_IN(0).O, OUT_IN(0)X, I11), (OUT_IN(1).O, 
        OUT_IN(1)X, I8), (OUT_IN(2).O, OUT_IN(2)X, I9), (glb02.O2, 
        UPDATE_SIG, I2)
    4 Output(s)
        (N, O0), (BCD2_SIG[2], O1), (BCD2_SIG[1], O2), 
        (BCD2_SIG[0], O3)
    8 Product Term(s)

    Output N

        3 Input(s)
            N, UPDATE_SIG, DS_INX
        2 Fanout(s)
            glb24.I16, glb20.I7
        2 Product Term(s)
        1 GLB Level(s)

        N.D = DS_INX & UPDATE_SIG
            # N & !UPDATE_SIG
        N.C = BUF_1960
        N.R = 
    Output BCD2_SIG[2]

        3 Input(s)
            BCD2_SIG[2], UPDATE_SIG, OUT_IN(2)X
        2 Fanout(s)
            glb24.I17, glb20.I13
        2 Product Term(s)
        1 GLB Level(s)

        BCD2_SIG[2].D = OUT_IN(2)X & UPDATE_SIG
            # BCD2_SIG[2] & !UPDATE_SIG
        BCD2_SIG[2].C = BUF_1960
        BCD2_SIG[2].R = 
    Output BCD2_SIG[1]

        3 Input(s)
            OUT_IN(1)X, BCD2_SIG[1], UPDATE_SIG
        2 Fanout(s)
            glb24.I1, glb19.I14
        2 Product Term(s)
        1 GLB Level(s)

        BCD2_SIG[1].D = OUT_IN(1)X & UPDATE_SIG
            # BCD2_SIG[1] & !UPDATE_SIG
        BCD2_SIG[1].C = BUF_1960
        BCD2_SIG[1].R = 
    Output BCD2_SIG[0]

        3 Input(s)
            OUT_IN(0)X, BCD2_SIG[0], UPDATE_SIG
        2 Fanout(s)
            glb18.I0, glb24.I0
        2 Product Term(s)
        1 GLB Level(s)

        BCD2_SIG[0].D = OUT_IN(0)X & UPDATE_SIG
            # BCD2_SIG[0] & !UPDATE_SIG
        BCD2_SIG[0].C = BUF_1960
        BCD2_SIG[0].R = 

GLB glb25, D3

    9 Input(s)
        (glb25.O3, BCD6_SIG[0], I4), (glb25.O2, BCD6_SIG[1], I5), 
        (glb25.O1, BCD6_SIG[2], I17), (OUT_IN(0).O, OUT_IN(0)X, I15), 
        (OUT_IN(1).O, OUT_IN(1)X, I7), (OUT_IN(2).O, OUT_IN(2)X, I6), 
        (OVFL_IN.O, OVFL_INX, I14), (glb25.O0, OVFL_SIG, I16), 
        (glb02.O2, UPDATE_SIG, I13)
    4 Output(s)
        (OVFL_SIG, O0), (BCD6_SIG[2], O1), (BCD6_SIG[1], O2), 
        (BCD6_SIG[0], O3)
    8 Product Term(s)

    Output OVFL_SIG

        3 Input(s)
            OVFL_SIG, OVFL_INX, UPDATE_SIG
        2 Fanout(s)
            glb25.I16, glb20.I3
        2 Product Term(s)
        1 GLB Level(s)

        OVFL_SIG.D = OVFL_INX & UPDATE_SIG
            # OVFL_SIG & !UPDATE_SIG
        OVFL_SIG.C = BUF_1961
        OVFL_SIG.R = 
    Output BCD6_SIG[2]

        3 Input(s)
            BCD6_SIG[2], UPDATE_SIG, OUT_IN(2)X
        2 Fanout(s)
            glb25.I17, glb20.I2
        2 Product Term(s)
        1 GLB Level(s)

        BCD6_SIG[2].D = OUT_IN(2)X & UPDATE_SIG
            # BCD6_SIG[2] & !UPDATE_SIG
        BCD6_SIG[2].C = BUF_1961
        BCD6_SIG[2].R = 
    Output BCD6_SIG[1]

        3 Input(s)
            OUT_IN(1)X, BCD6_SIG[1], UPDATE_SIG
        2 Fanout(s)
            glb25.I5, glb19.I1
        2 Product Term(s)
        1 GLB Level(s)

        BCD6_SIG[1].D = OUT_IN(1)X & UPDATE_SIG
            # BCD6_SIG[1] & !UPDATE_SIG
        BCD6_SIG[1].C = BUF_1961
        BCD6_SIG[1].R = 
    Output BCD6_SIG[0]

        3 Input(s)
            BCD6_SIG[0], OUT_IN(0)X, UPDATE_SIG
        2 Fanout(s)
            glb18.I15, glb25.I4
        2 Product Term(s)
        1 GLB Level(s)

        BCD6_SIG[0].D = OUT_IN(0)X & UPDATE_SIG
            # BCD6_SIG[0] & !UPDATE_SIG
        BCD6_SIG[0].C = BUF_1961
        BCD6_SIG[0].R = 

GLB glb26, B3

    8 Input(s)
        (glb26.O2, BCD6_SIG[3], I17), (glb26.O1, FREQ_SIG, I9), 
        (ML_IN.O, ML_INX, I3), (glb26.O0, ML_SIG, I16), (OUT_IN(3).O, 
        OUT_IN(3)X, I10), (RNG2_IN.O, RNG2_INX, I1), (glb02.O2, 
        UPDATE_SIG, I2), (glb01.O0, UQNN_N26, I8)
    3 Output(s)
        (ML_SIG, O0), (FREQ_SIG, O1), (BCD6_SIG[3], O2)
    1 Enable Output
        BUF_1959
    7 Product Term(s)

    Output ML_SIG

        3 Input(s)
            ML_INX, ML_SIG, UPDATE_SIG
        2 Fanout(s)
            glb26.I16, glb21.I3
        2 Product Term(s)
        1 GLB Level(s)

        ML_SIG.D = ML_INX & UPDATE_SIG
            # ML_SIG & !UPDATE_SIG
        ML_SIG.C = BUF_1961
        ML_SIG.R = 
    Output FREQ_SIG

        3 Input(s)
            FREQ_SIG, RNG2_INX, UPDATE_SIG
        2 Fanout(s)
            glb26.I9, glb21.I2
        2 Product Term(s)
        1 GLB Level(s)

        FREQ_SIG.D = RNG2_INX & UPDATE_SIG
            # FREQ_SIG & !UPDATE_SIG
        FREQ_SIG.C = BUF_1961
        FREQ_SIG.R = 
    Output BCD6_SIG[3]

        3 Input(s)
            BCD6_SIG[3], OUT_IN(3)X, UPDATE_SIG
        2 Fanout(s)
            glb26.I17, glb21.I5
        2 Product Term(s)
        1 GLB Level(s)

        BCD6_SIG[3].D = OUT_IN(3)X & UPDATE_SIG
            # BCD6_SIG[3] & !UPDATE_SIG
        BCD6_SIG[3].C = BUF_1961
        BCD6_SIG[3].R = 
    Enable Output BUF_1959


Input AS_IN(1), IO23

    Output AS_IN(1)X
        2 Fanout(s)
            glb12.I7, glb02.I8


Input AS_IN(2), IO22

    Output AS_IN(2)X
        1 Fanout(s)
            glb02.I9


Input AS_IN(3), IO21

    Output AS_IN(3)X
        2 Fanout(s)
            glb05.I10, glb22.I10


Input AS_IN(4), IO20

    Output AS_IN(4)X
        2 Fanout(s)
            glb04.I11, glb23.I11


Input AS_IN(5), IO19

    Output AS_IN(5)X
        1 Fanout(s)
            glb13.I3


Input AS_IN(6), IO24

    Output AS_IN(6)X
        1 Fanout(s)
            glb02.I12


Clock Input CLK_MASTER, Y0

    Output CLK_MASTERX
        16 Fanout(s)
            glb18.CLK0, glb07.CLK0, glb17.CLK0, glb15.CLK0, glb00.CLK0,
            glb10.CLK0, glb01.CLK0, glb02.CLK0, glb16.CLK0, glb14.CLK0,
            glb08.CLK0, glb03.CLK0, glb19.CLK0, glb21.CLK0, glb09.CLK0,
            glb20.CLK0


Input DS_IN, IO36

    Output DS_INX
        3 Fanout(s)
            glb24.I4, glb22.I11, glb23.I0


Output LED, IO16

    Input (glb00.O0, LED_C)

    LED = LED_C


Input ML_IN, IO35

    Output ML_INX
        1 Fanout(s)
            glb26.I3


Input MUP_IN, IO34

    Output MUP_INX
        1 Fanout(s)
            glb11.I13


Input OUT_IN(0), IO27

    Output OUT_IN(0)X
        6 Fanout(s)
            glb24.I11, glb12.I11, glb13.I0, glb22.I4, glb23.I4,
            glb25.I15


Input OUT_IN(1), IO28

    Output OUT_IN(1)X
        6 Fanout(s)
            glb24.I8, glb12.I8, glb13.I8, glb22.I7, glb23.I7, glb25.I7


Input OUT_IN(2), IO29

    Output OUT_IN(2)X
        6 Fanout(s)
            glb24.I9, glb12.I9, glb13.I9, glb22.I6, glb23.I6, glb25.I6


Input OUT_IN(3), IO30

    Output OUT_IN(3)X
        6 Fanout(s)
            glb12.I10, glb26.I10, glb13.I14, glb05.I5, glb04.I5,
            glb06.I5


Input OVFL_IN, IO33

    Output OVFL_INX
        1 Fanout(s)
            glb25.I14


Input RNG2_IN, IO17

    Output RNG2_INX
        1 Fanout(s)
            glb26.I1


Input SCL_IN, IO26

    Output SCL_INX
        2 Fanout(s)
            glb10.I1, glb16.I14


Bidirectional SDA_BI, IO25

    Input (glb01.O1, UQNN_N25)
    Output SDA_BI_Z0
        4 Fanout(s)
            glb16.I13, glb08.I13, glb03.I13, glb09.I13
    Enable (glb26.OE, BUF_1959)

    SDA_BI = UQNN_N25
    SDA_BI.E = BUF_1959


Clock Assignments

    Net Name		    Clock Assignment

        CLK_MASTERX             External CLK0
        BUF_1960                Internal CLK1
        BUF_1961                Internal CLK2


GLB and GLB Output Statistics

    GLB Name, Location      GLB Statistics          GLB Output Statistics
    GLB Output Name         Ins, Outs, PTs          Ins, FOs, PTs, Levels, PTSABP

        glb00, B1               13,  4, 10          
            LED_C                                        3,  4,  2,  1, 4PT 
            UQNN_N24                                    10,  3,  2,  1, 4PT 
            UQNN_N27                                     8,  7,  4,  1, -   
            UQNN_N34                                     6,  2,  3,  1, 4PT 

        glb01, B6               11,  3,  7          
            AND_1645                                     3,  1,  1,  1, 1PT 
            UQNN_N25                                    10,  1,  5,  2, -   
            UQNN_N26                                     2,  1,  2,  1, -   

        glb02, C0                7,  4,  7          
            BUF_1960                                     1,  2,  1,  1, 1PT 
            BUF_1961                                     1,  2,  1,  1, 1PT 
            CNT_SIG[0]                                   3,  6,  2,  1, 4PT 
            UPDATE_SIG                                   4, 12,  3,  1, 4PT 

        glb03, C4               13,  4,  8          
            OR_1665                                      7,  4,  2,  2, -   
            READ_REQ_SIG                                 7,  2,  2,  2, -   
            UQNN_N13                                     8,  2,  3,  1, -   
            UQNN_N14                                     8,  2,  3,  1, -   

        glb04, C7                4,  1,  3          
            BCD4_SIG[3]                                  4,  2,  2,  1, 4PT 

        glb05, C5                4,  1,  3          
            BCD3_SIG[3]                                  4,  2,  2,  1, 4PT 

        glb06, D0                3,  1,  2          
            BCD2_SIG[3]                                  3,  2,  2,  1, 4PT 

        glb07, A5               11,  2, 12          
            OR_1670                                     11,  1,  8,  2, -   
            UQNN_N11                                     9,  5,  4,  2, -   

        glb08, C3               11,  4, 12          
            UQNN_N15                                     8,  2,  3,  1, -   
            UQNN_N16                                     8,  2,  3,  1, -   
            UQNN_N17                                     8,  2,  3,  1, -   
            UQNN_N36                                     8,  3,  3,  1, -   

        glb09, D6               11,  4,  8          
            UQNN_N120                                    6,  3,  1,  1, 1PT 
            UQNN_N196                                    5,  5,  1,  1, 1PT 
            UQNN_N29                                     8,  2,  3,  1, -   
            UQNN_N30                                     8,  2,  3,  1, -   

        glb10, B2                8,  2,  5          
            OR_1646                                      7,  1,  4,  1, 4PT 
            UQNN_N12                                     1,  2,  1,  1, 1PT 

        glb11, D1                9,  2,  3          
            TRIGGER_SIG                                  2,  1,  0,  1, -   
            UQNN_N122                                    7,  3,  1,  1, 1PT 

        glb12, A6               10,  4,  9          
            BCD1_SIG[0]                                  4,  2,  2,  1, 4PT 
            BCD1_SIG[1]                                  4,  2,  2,  1, 4PT 
            BCD1_SIG[2]                                  4,  2,  2,  1, 4PT 
            BCD1_SIG[3]                                  4,  2,  2,  1, 4PT 

        glb13, B7               10,  4,  9          
            BCD5_SIG[0]                                  4,  2,  2,  1, 4PT 
            BCD5_SIG[1]                                  4,  2,  2,  1, 4PT 
            BCD5_SIG[2]                                  4,  2,  2,  1, 4PT 
            BCD5_SIG[3]                                  4,  2,  2,  1, 4PT 

        glb14, C2               13,  4, 17          
            UQNN_N10                                    10,  7,  5,  3, -   
            UQNN_N33                                     8,  3,  3,  2, -   
            UQNN_N8                                      8,  7,  4,  3, -   
            UQNN_N9                                      8,  7,  5,  3, -   

        glb15, B0               13,  4,  8          
            UQNN_N18                                     1,  3,  1,  1, 1PT 
            UQNN_N22                                     9,  3,  3,  2, 4PT 
            UQNN_N23                                     2,  6,  1,  1, 1PT 
            UQNN_N32                                     9,  5,  3,  2, 4PT 

        glb16, C1                7,  4,  6          
            UQNN_N19                                     1,  1,  1,  1, 1PT 
            UQNN_N20                                     4,  5,  1,  1, 1PT 
            UQNN_N21                                     4,  5,  1,  1, 1PT 
            UQNN_N31                                     4,  2,  3,  1, 4PT 

        glb17, A7               12,  4,  7          
            CNT_SIG[1]_part1                             4,  2,  3,  1, -   
            CNT_SIG[1]_part2                             4,  3,  3,  1, -   
            UQNN_N28                                     2,  5,  1,  1, 1PT 
            UQNN_N49                                     6,  2,  4,  2, -   

        glb18, A1               12,  2,  9          
            UQNN_N37                                     8,  2,  5,  3, -   
            UQNN_N44                                     7,  2,  4,  3, 4PT 

        glb19, D4               13,  2, 10          
            UQNN_N38                                     8,  2,  5,  3, -   
            UQNN_N43                                     8,  2,  5,  3, -   

        glb20, D7               13,  2, 10          
            UQNN_N39                                     8,  2,  5,  3, -   
            UQNN_N42                                     8,  2,  5,  3, -   

        glb21, D5               13,  2, 10          
            UQNN_N40                                     8,  2,  5,  3, -   
            UQNN_N41                                     8,  2,  5,  3, -   

        glb22, C6               10,  4,  9          
            BCD3_SIG[0]                                  4,  2,  2,  1, 4PT 
            BCD3_SIG[1]                                  4,  2,  2,  1, 4PT 
            BCD3_SIG[2]                                  4,  2,  2,  1, 4PT 
            M                                            4,  2,  2,  1, 4PT 

        glb23, D2               10,  4,  9          
            BCD4_SIG[0]                                  4,  2,  2,  1, 4PT 
            BCD4_SIG[1]                                  4,  2,  2,  1, 4PT 
            BCD4_SIG[2]                                  4,  2,  2,  1, 4PT 
            L                                            4,  2,  2,  1, 4PT 

        glb24, A2                9,  4,  8          
            BCD2_SIG[0]                                  3,  2,  2,  1, 4PT 
            BCD2_SIG[1]                                  3,  2,  2,  1, 4PT 
            BCD2_SIG[2]                                  3,  2,  2,  1, 4PT 
            N                                            3,  2,  2,  1, 4PT 

        glb25, D3                9,  4,  8          
            BCD6_SIG[0]                                  3,  2,  2,  1, 4PT 
            BCD6_SIG[1]                                  3,  2,  2,  1, 4PT 
            BCD6_SIG[2]                                  3,  2,  2,  1, 4PT 
            OVFL_SIG                                     3,  2,  2,  1, 4PT 

        glb26, B3                8,  3,  7          
            BCD6_SIG[3]                                  3,  2,  2,  1, 4PT 
            FREQ_SIG                                     3,  2,  2,  1, 4PT 
            ML_SIG                                       3,  2,  2,  1, 4PT 


Maximum-Level Trace

    GLB Level, Name, Ins    GLB Output Name

        3, glb14, 11            UQNN_N9             
        2, glb07                 OR_1670             
        1, glb09                  UQNN_N120           
        1, glb09                  UQNN_N196           
        1, glb01                  AND_1645            

        3, glb14, 11            UQNN_N8             
        2, glb07                 OR_1670             
        1, glb09                  UQNN_N120           
        1, glb09                  UQNN_N196           
        1, glb01                  AND_1645            

        3, glb14, 11            UQNN_N10            
        2, glb07                 OR_1670             
        1, glb09                  UQNN_N120           
        1, glb09                  UQNN_N196           
        1, glb01                  AND_1645            

        3, glb18, 23            UQNN_N44            
        2, glb03                 OR_1665             
        1, glb11                  UQNN_N122           
        1, glb09                  UQNN_N196           

        3, glb18, 24            UQNN_N37            
        2, glb03                 OR_1665             
        1, glb11                  UQNN_N122           
        1, glb09                  UQNN_N196           

        3, glb19, 24            UQNN_N43            
        2, glb03                 OR_1665             
        1, glb11                  UQNN_N122           
        1, glb09                  UQNN_N196           

        3, glb19, 24            UQNN_N38            
        2, glb03                 OR_1665             
        1, glb11                  UQNN_N122           
        1, glb09                  UQNN_N196           

        3, glb20, 24            UQNN_N42            
        2, glb03                 OR_1665             
        1, glb11                  UQNN_N122           
        1, glb09                  UQNN_N196           

        3, glb20, 24            UQNN_N39            
        2, glb03                 OR_1665             
        1, glb11                  UQNN_N122           
        1, glb09                  UQNN_N196           

        3, glb21, 24            UQNN_N41            
        2, glb03                 OR_1665             
        1, glb11                  UQNN_N122           
        1, glb09                  UQNN_N196           


Pin Assignments

    Pin Name                Pin Assignment          Pin Type, Pin Attribute

        CLK_MASTER              20                      Clock Input, PULLUP
        LED                     45                      Output, SLOWSLEW, PULLUP
        RNG2_IN                 46                      Input, PULLUP
        AS_IN(5)                48                      Input, PULLUP
        AS_IN(4)                49                      Input, PULLUP
        AS_IN(3)                50                      Input, PULLUP
        AS_IN(2)                51                      Input, PULLUP
        AS_IN(1)                52                      Input, PULLUP
        AS_IN(6)                53                      Input, PULLUP
        SDA_BI                  54                      Bidirectional, SLOWSLEW
        SCL_IN                  55                      Input, PULLUP
        OUT_IN(0)               56                      Input, PULLUP
        OUT_IN(1)               57                      Input, PULLUP
        OUT_IN(2)               58                      Input, PULLUP
        OUT_IN(3)               59                      Input, PULLUP
        OVFL_IN                 69                      Input, PULLUP
        MUP_IN                  70                      Input, PULLUP
        ML_IN                   71                      Input, PULLUP
        DS_IN                   72                      Input, PULLUP


Design process management completed successfully
