ispEXPERT Compiler Release 2.0.00.17.20.15, May 20 2002 13:06:40


Design Parameters
-----------------

EFFORT:                         MEDIUM (2)
IGNORE_FIXED_PIN:               OFF
MAX_GLB_IN:                     4
MAX_GLB_OUT:                    2
OUTPUT_FORM:                    VERILOG, VHDL
OS_VERSION:                     Windows NT 6.1
PARAM_FILE:                     'c:\projekt\espfluke\ver1\run3\ispxpert'
PIN_FILE:                       'c:\projekt\espfluke\ver1\run3\espfluke.xpn'
STRATEGY:                       AREA
TIMING_ANALYZER:                ON 
USE_GLOBAL_RESET:               ON


Design Specification
--------------------

Design:                         espfluke
Part:                           ispLSI1032E-70LJ84


ISP:                            ON
ISP_EXCEPT_Y2:                  OFF
PULL:                           UP
SECURITY:                       OFF
SLOWSLEW:                       OFF


Number of Critical Pins:        0
Number of Free Pins:            1
Number of Locked Pins:          18
Number of Reserved Pins:        0


Input Pins

    Pin Name                Pin Attribute

        AS_IN(1)                LOCK 52, PULLUP
        AS_IN(2)                LOCK 51, PULLUP
        AS_IN(3)                LOCK 50, PULLUP
        AS_IN(4)                LOCK 49, PULLUP
        AS_IN(5)                LOCK 48, PULLUP
        AS_IN(6)                LOCK 53, PULLUP
        CLK_MASTER              PULLUP
        DS_IN                   LOCK 72, PULLUP
        ML_IN                   LOCK 71, PULLUP
        MUP_IN                  LOCK 70, PULLUP
        OUT_IN(0)               LOCK 56, PULLUP
        OUT_IN(1)               LOCK 57, PULLUP
        OUT_IN(2)               LOCK 58, PULLUP
        OUT_IN(3)               LOCK 59, PULLUP
        OVFL_IN                 LOCK 69, PULLUP
        RNG2_IN                 LOCK 46, PULLUP
        SCL_IN                  LOCK 55, PULLUP


Output Pins

    Pin Name                Pin Attribute

        LED                     LOCK 45, PULLUP, SLOWSLEW


Bidirectional Pins

    Pin Name                Pin Attribute

        SDA_BI                  LOCK 54, SLOWSLEW



Synthesis and partitioning statistics:

Number of Macrocells is 137
Number of GLBs is 88
Number of product terms is 249
Maximum number of GLB levels is 9
Average number of inputs per GLB is 3.9
Average number of outputs per GLB is 1.6
Average number of product terms per GLB is 2.8


Detail Description of Functions:

BCD1_SIG_0[0]_$1I35.BCD1_SIG_0[0]_Z0 = [1598] # [1597];
BCD1_SIG_0[1]_$1I35.BCD1_SIG_0[1]_Z0 = [1600] # [1599];
BCD1_SIG_0[2]_$1I35.BCD1_SIG_0[2]_Z0 = [1602] # [1601];
BCD1_SIG_0[3]_$1I35.BCD1_SIG_0[3]_Z0 = [1604] # [1603];
BCD2_SIG_0[0]_$1I35.BCD2_SIG_0[0]_Z0 = [1606] # [1605];
BCD2_SIG_0[1]_$1I35.BCD2_SIG_0[1]_Z0 = [1608] # [1607];
BCD2_SIG_0[2]_$1I35.BCD2_SIG_0[2]_Z0 = [1610] # [1609];
BCD2_SIG_0[3]_$1I35.BCD2_SIG_0[3]_Z0 = [1612] # [1611];
BCD3_SIG_0[0]_$1I35.BCD3_SIG_0[0]_Z0 = [1614] # [1613];
BCD3_SIG_0[1]_$1I35.BCD3_SIG_0[1]_Z0 = [1616] # [1615];
BCD3_SIG_0[2]_$1I35.BCD3_SIG_0[2]_Z0 = [1618] # [1617];
BCD3_SIG_0[3]_$1I35.BCD3_SIG_0[3]_Z0 = [1620] # [1619];
BCD4_SIG_0[0]_$1I35.BCD4_SIG_0[0]_Z0 = [1622] # [1621];
BCD4_SIG_0[1]_$1I35.BCD4_SIG_0[1]_Z0 = [1624] # [1623];
BCD4_SIG_0[2]_$1I35.BCD4_SIG_0[2]_Z0 = [1626] # [1625];
BCD4_SIG_0[3]_$1I35.BCD4_SIG_0[3]_Z0 = [1628] # [1627];
BCD5_SIG_0[0]_$1I35.BCD5_SIG_0[0]_Z0 = [1630] # [1629];
BCD5_SIG_0[1]_$1I35.BCD5_SIG_0[1]_Z0 = [1632] # [1631];
BCD5_SIG_0[2]_$1I35.BCD5_SIG_0[2]_Z0 = [1634] # [1633];
BCD5_SIG_0[3]_$1I35.BCD5_SIG_0[3]_Z0 = [1636] # [1635];
BCD6_SIG_0[0]_$1I35.BCD6_SIG_0[0]_Z0 = [1638] # [1637];
BCD6_SIG_0[1]_$1I35.BCD6_SIG_0[1]_Z0 = [1640] # [1639];
BCD6_SIG_0[2]_$1I35.BCD6_SIG_0[2]_Z0 = [1642] # [1641];
BCD6_SIG_0[3]_$1I35.BCD6_SIG_0[3]_Z0 = [1644] # [1643];
FREQ_SIG_0_$1I35.FREQ_SIG_0_Z0 = [1652] # [1651];
L_0_$1I35.L_0_Z0 = [1654] # [1653];
M_0_$1I35.M_0_Z0 = [1656] # [1655];
ML_SIG_0_$1I35.ML_SIG_0_Z0 = [1658] # [1657];
N_0_$1I35.N_0_Z0 = [1660] # [1659];
OVFL_SIG_0_$1I35.OVFL_SIG_0_Z0 = [1662] # [1661];
UPDATE_SIG_I.UPDATE_SIG_I = !UPDATE_SIG.UPDATE_SIG;
UQBN_B11.N_33 = [1665] # [1664] # [1663];
UQBN_B302.UQNN_N156 = [1671] # [1670];
UQBN_B322.UQNN_N196 = [1137] & [1536] & [1537];
UQBN_B348.UQNN_N314 = [1674] # [1673] # [1672];
UQBN_B349.UQNN_N318 = [1677] # [1676];
UQBN_B12.UQNN_N3 = UQBN_B62.UQNN_N12 & [1545];
[1298] = [1684] # [1683];
UQBN_B127.UQNN_N120 = [1127] & [1147];
UQBN_B347.UQNN_N310 = [1689] # [1688] # [1687];
UQBN_B14.UQNN_N4 = UQBN_B64.UQNN_N18 & [1541];
UQBN_B16.UQNN_N5 = SCL_IN & SDA_BI_$1I1.SDA_BI_Z0 & UQBN_B64.UQNN_N18 & [1525]
	;
UQBN_B178.UQNN_N46 = [1737] # [1736];
UQBN_B18.UQNN_N6 = SCL_IN & UQBN_B64.UQNN_N18 & UQBN_B82.UQNN_N19 & [1534];
UQBN_B287.UQNN_N122 = UQBN_B115.UQNN_N29 & UQBN_B118.UQNN_N30 & [1149] & 
	[1550];
UQBN_B221.UQNN_N77 = UQBN_B306.UQNN_N154 & [1127];
UQBN_B306.UQNN_N154 = UQBN_B286.UQNN_N155 & [1531];
UQBN_B328.UQNN_N246 = [1743] # [1742] # [1741] # [1740];
UQBN_B286.UQNN_N155 = [771] & [1527] & [1532];
UQBN_B327.UQNN_N242 = [1747] # [1746];
UQBN_B339.UQNN_N278 = [1757] # [1756] # [1755] # [1754];
UQBN_B341.UQNN_N286 = [1767] # [1766] # [1765];
UQBN_B342.UQNN_N290 = [1769] # [1768];
UQBN_B343.UQNN_N294 = [1773] # [1772] # [1771];
UQBN_B350.UQNN_N322 = [1760] # [1759] # [1758];
UQBN_B351.UQNN_N326 = [1763] # [1762];
[768] = [1783] # [1782];
[1126] = UQBN_B23.UQNN_N8 & UQBN_B33.UQNN_N9;
[771] = [1524] & [1533];
[1127] = UQBN_B42.UQNN_N10 & [1126];
[1124] = UQBN_B23.UQNN_N8 & [1536];
[1150] = UQBN_B103.UQNN_N27 & UQBN_B322.UQNN_N196;
[1151] = UQBN_B322.UQNN_N196 & UQBN_B88.UQNN_N22;
[779] = CNT_SIG[1].CNT_SIG[1] & [1159] & [1567];
[780] = [1159] & [1567] & [1569];
[781] = CNT_SIG[0].CNT_SIG[0] & [1159] & [1569];
[783] = CNT_SIG[0].CNT_SIG[0] & CNT_SIG[1].CNT_SIG[1] & [1159];
[1141] = UQBN_B33.UQNN_N9 & [1139] & [1551] & [1552];
[1197] = [1139] & [1536] & [1551] & [1552];
[1139] = UQBN_B103.UQNN_N27 & UQBN_B13.UQNN_N23 & [1540];
[1192] = UQBN_B306.UQNN_N154 & [1126];
[1125] = UQBN_B42.UQNN_N10 & [1124];
[1147] = UQBN_B15.UQNN_N28 & UQBN_B124.UQNN_N32 & [1540];
[1145] = UQBN_B98.UQNN_N24 & UQBN_B13.UQNN_N23 & [1534];
[1202] = [1124] & [1139] & [1537] & [1552];
[1200] = [1126] & [1139] & [1537] & [1552];
[1143] = [1139] & [1125] & [1552];
[834] = [1777] # [1776];
[838] = [1775] # [1774];
[858] = [1779] # [1778];
[1159] = [1596] # [1595];
[874] = [771] & [1155];
[882] = [1686] # [1685];
[886] = [771] & [1148] & [1527];
[890] = UQBN_B124.UQNN_N32 & UQBN_B182.UQNN_N49 & [1526];
[914] = [1650] # [1649] # [1648];
[918] = [1646] # [1645];
[1128] = [1822] # [1821];
[1129] = [1832] # [1831];
[1130] = [1800] # [1799];
[1131] = [1810] # [1809];
[1133] = [1820] # [1819];
[1300] = [1798] # [1797];
[1299] = [1590] & [1591];
[1137] = UQBN_B15.UQNN_N28 & UQBN_B57.UQNN_N11 & [1551];
[1148] = [1794] # [1793];
[1149] = [1553] & [1554] & [1555] & [1556];
[1152] = [1788] # [1787];
[1155] = [1786] # [1785] # [1784];
[1160] = [1834] # [1833];
[1161] = [1836] # [1835];
[1293] = [1695] # [1694];
[1163] = [1802] # [1801];
[1164] = [1804] # [1803];
[1294] = [1701] # [1700];
[1166] = [1838] # [1837];
[1167] = [1840] # [1839];
[1295] = [1707] # [1706];
[1169] = [1812] # [1811];
[1170] = [1814] # [1813];
[1296] = [1713] # [1712];
[1172] = [1824] # [1823];
[1173] = [1826] # [1825];
[1289] = [1719] # [1718];
[1175] = [1806] # [1805];
[1176] = [1808] # [1807];
[1290] = [1725] # [1724];
[1178] = [1828] # [1827];
[1179] = [1830] # [1829];
[1291] = [1731] # [1730];
[1181] = [1816] # [1815];
[1182] = [1818] # [1817];
[1292] = [1576] & [1577];
[1185] = [1796] # [1795];
UQBN_B181.UQNN_N48 = [1739] # [1738];
[1189] = [1781] # [1780];
[1191] = [1790] # [1789];
[1193] = [1192] & [1537] & [1538];
[1194] = [1792] # [1791];
[1297] = [1753] # [1752];
[1204] = UQBN_B15.UQNN_N28 & [768] & [1531] & [1546];
[1523] = 1;
[1524] = !UQBN_B17.UQNN_N20;
[1525] = !UQBN_B82.UQNN_N19;
[1526] = ![1300];
[1527] = !UQBN_B127.UQNN_N120;
[1528] = !UQBN_B221.UQNN_N77;
[1529] = ![1193];
[1530] = ![1194];
[1531] = ![1151];
[1532] = ![1150];
[1533] = !UQBN_B19.UQNN_N21;
[1534] = !SDA_BI_$1I1.SDA_BI_Z0;
[1535] = !UQBN_B322.UQNN_N196;
[1536] = !UQBN_B33.UQNN_N9;
[1537] = !UQBN_B42.UQNN_N10;
[1538] = ![858];
[1539] = ![1147];
[1540] = !UQBN_B57.UQNN_N11;
[1541] = !UQBN_B62.UQNN_N12;
[1542] = !UQBN_B13.UQNN_N23;
[1543] = !UQBN_B88.UQNN_N22;
[1544] = ![1139];
[1545] = !UQBN_B64.UQNN_N18;
[1546] = !UQBN_B136.UQNN_N36;
[1547] = !UQBN_B120.UQNN_N31;
[1548] = ![1145];
[1549] = !UQBN_B15.UQNN_N28;
[1550] = !UQBN_B77.UQNN_N17;
[1551] = !UQBN_B23.UQNN_N8;
[1552] = ![1127];
[1553] = !UQBN_B65.UQNN_N13;
[1554] = !UQBN_B68.UQNN_N14;
[1555] = !UQBN_B71.UQNN_N15;
[1556] = !UQBN_B74.UQNN_N16;
[1557] = ![1192];
[1558] = ![1130];
[1559] = ![1131];
[1560] = ![1133];
[1561] = !BCD6_SIG[1].BCD6_SIG[1];
[1562] = ![779];
[1563] = ![1163];
[1564] = ![1164];
[1565] = !AS_IN(1);
[1566] = !LED;
[1567] = !CNT_SIG[0].CNT_SIG[0];
[1568] = ![1159];
[1569] = !CNT_SIG[1].CNT_SIG[1];
[1570] = !BCD5_SIG[1].BCD5_SIG[1];
[1571] = ![1175];
[1572] = ![1176];
[1573] = !BCD6_SIG[3].BCD6_SIG[3];
[1574] = ![1169];
[1575] = ![1170];
[1576] = ![1181];
[1577] = ![1182];
[1578] = !BCD5_SIG[0].BCD5_SIG[0];
[1579] = ![1172];
[1580] = ![1173];
[1581] = !BCD5_SIG[2].BCD5_SIG[2];
[1582] = ![1178];
[1583] = ![1179];
[1584] = !BCD6_SIG[0].BCD6_SIG[0];
[1585] = ![1160];
[1586] = ![1161];
[1587] = !BCD6_SIG[2].BCD6_SIG[2];
[1588] = ![1166];
[1589] = ![1167];
[1590] = !UQBN_B124.UQNN_N32;
[1591] = !UQBN_B128.UQNN_N33;
[1592] = UQBN_B102.UQNN_N26;
[1593] = AS_IN(2);
[1594] = AS_IN(6);
[1595] = [1145];
[1596] = UQBN_B136.UQNN_N36 & UQBN_B287.UQNN_N122 & [1150];
[1597] = OUT_IN(0) & UPDATE_SIG.UPDATE_SIG;
[1598] = BCD1_SIG[0].BCD1_SIG[0] & UPDATE_SIG_I.UPDATE_SIG_I;
[1599] = OUT_IN(1) & UPDATE_SIG.UPDATE_SIG;
[1600] = BCD1_SIG[1].BCD1_SIG[1] & UPDATE_SIG_I.UPDATE_SIG_I;
[1601] = OUT_IN(2) & UPDATE_SIG.UPDATE_SIG;
[1602] = BCD1_SIG[2].BCD1_SIG[2] & UPDATE_SIG_I.UPDATE_SIG_I;
[1603] = OUT_IN(3) & UPDATE_SIG.UPDATE_SIG;
[1604] = BCD1_SIG[3].BCD1_SIG[3] & UPDATE_SIG_I.UPDATE_SIG_I;
[1605] = OUT_IN(0) & UPDATE_SIG.UPDATE_SIG;
[1606] = BCD2_SIG[0].BCD2_SIG[0] & UPDATE_SIG_I.UPDATE_SIG_I;
[1607] = OUT_IN(1) & UPDATE_SIG.UPDATE_SIG;
[1608] = BCD2_SIG[1].BCD2_SIG[1] & UPDATE_SIG_I.UPDATE_SIG_I;
[1609] = OUT_IN(2) & UPDATE_SIG.UPDATE_SIG;
[1610] = BCD2_SIG[2].BCD2_SIG[2] & UPDATE_SIG_I.UPDATE_SIG_I;
[1611] = OUT_IN(3) & UPDATE_SIG.UPDATE_SIG;
[1612] = BCD2_SIG[3].BCD2_SIG[3] & UPDATE_SIG_I.UPDATE_SIG_I;
[1613] = OUT_IN(0) & UPDATE_SIG.UPDATE_SIG;
[1614] = BCD3_SIG[0].BCD3_SIG[0] & UPDATE_SIG_I.UPDATE_SIG_I;
[1615] = OUT_IN(1) & UPDATE_SIG.UPDATE_SIG;
[1616] = BCD3_SIG[1].BCD3_SIG[1] & UPDATE_SIG_I.UPDATE_SIG_I;
[1617] = OUT_IN(2) & UPDATE_SIG.UPDATE_SIG;
[1618] = BCD3_SIG[2].BCD3_SIG[2] & UPDATE_SIG_I.UPDATE_SIG_I;
[1619] = OUT_IN(3) & UPDATE_SIG.UPDATE_SIG;
[1620] = BCD3_SIG[3].BCD3_SIG[3] & UPDATE_SIG_I.UPDATE_SIG_I;
[1621] = OUT_IN(0) & UPDATE_SIG.UPDATE_SIG;
[1622] = BCD4_SIG[0].BCD4_SIG[0] & UPDATE_SIG_I.UPDATE_SIG_I;
[1623] = OUT_IN(1) & UPDATE_SIG.UPDATE_SIG;
[1624] = BCD4_SIG[1].BCD4_SIG[1] & UPDATE_SIG_I.UPDATE_SIG_I;
[1625] = OUT_IN(2) & UPDATE_SIG.UPDATE_SIG;
[1626] = BCD4_SIG[2].BCD4_SIG[2] & UPDATE_SIG_I.UPDATE_SIG_I;
[1627] = OUT_IN(3) & UPDATE_SIG.UPDATE_SIG;
[1628] = BCD4_SIG[3].BCD4_SIG[3] & UPDATE_SIG_I.UPDATE_SIG_I;
[1629] = OUT_IN(0) & UPDATE_SIG.UPDATE_SIG;
[1630] = BCD5_SIG[0].BCD5_SIG[0] & UPDATE_SIG_I.UPDATE_SIG_I;
[1631] = OUT_IN(1) & UPDATE_SIG.UPDATE_SIG;
[1632] = BCD5_SIG[1].BCD5_SIG[1] & UPDATE_SIG_I.UPDATE_SIG_I;
[1633] = OUT_IN(2) & UPDATE_SIG.UPDATE_SIG;
[1634] = BCD5_SIG[2].BCD5_SIG[2] & UPDATE_SIG_I.UPDATE_SIG_I;
[1635] = OUT_IN(3) & UPDATE_SIG.UPDATE_SIG;
[1636] = BCD5_SIG[3].BCD5_SIG[3] & UPDATE_SIG_I.UPDATE_SIG_I;
[1637] = OUT_IN(0) & UPDATE_SIG.UPDATE_SIG;
[1638] = BCD6_SIG[0].BCD6_SIG[0] & UPDATE_SIG_I.UPDATE_SIG_I;
[1639] = OUT_IN(1) & UPDATE_SIG.UPDATE_SIG;
[1640] = BCD6_SIG[1].BCD6_SIG[1] & UPDATE_SIG_I.UPDATE_SIG_I;
[1641] = OUT_IN(2) & UPDATE_SIG.UPDATE_SIG;
[1642] = BCD6_SIG[2].BCD6_SIG[2] & UPDATE_SIG_I.UPDATE_SIG_I;
[1643] = OUT_IN(3) & UPDATE_SIG.UPDATE_SIG;
[1644] = BCD6_SIG[3].BCD6_SIG[3] & UPDATE_SIG_I.UPDATE_SIG_I;
[1645] = UQBN_B5.READ_REQ_SIG & LED & [1567];
[1646] = CNT_SIG[0].CNT_SIG[0] & LED & [1647];
[1647] = !UQBN_B5.READ_REQ_SIG;
[1648] = CNT_SIG[1].CNT_SIG[1] & LED & [1567];
[1649] = CNT_SIG[1].CNT_SIG[1] & LED & [1647];
[1650] = CNT_SIG[0].CNT_SIG[0] & UQBN_B5.READ_REQ_SIG & LED & [1569];
[1651] = RNG2_IN & UPDATE_SIG.UPDATE_SIG;
[1652] = FREQ_SIG.FREQ_SIG & UPDATE_SIG_I.UPDATE_SIG_I;
[1653] = DS_IN & UPDATE_SIG.UPDATE_SIG;
[1654] = L.L & UPDATE_SIG_I.UPDATE_SIG_I;
[1655] = DS_IN & UPDATE_SIG.UPDATE_SIG;
[1656] = M.M & UPDATE_SIG_I.UPDATE_SIG_I;
[1657] = ML_IN & UPDATE_SIG.UPDATE_SIG;
[1658] = ML_SIG.ML_SIG & UPDATE_SIG_I.UPDATE_SIG_I;
[1659] = DS_IN & UPDATE_SIG.UPDATE_SIG;
[1660] = N.N & UPDATE_SIG_I.UPDATE_SIG_I;
[1661] = OVFL_IN & UPDATE_SIG.UPDATE_SIG;
[1662] = OVFL_SIG.OVFL_SIG & UPDATE_SIG_I.UPDATE_SIG_I;
[1663] = UPDATE_SIG.UPDATE_SIG & [1565];
[1664] = AS_IN(6) & [1566];
[1665] = UPDATE_SIG.UPDATE_SIG & [1566];
[1666] = 1;
[1670] = UQBN_B19.UQNN_N21 & [1524];
[1671] = UQBN_B103.UQNN_N27 & [1524] & [1535];
[1672] = UQBN_B115.UQNN_N29 & [1537];
[1673] = UQBN_B115.UQNN_N29 & [1675];
[1674] = SDA_BI_$1I1.SDA_BI_Z0 & UQBN_B42.UQNN_N10 & [1141];
[1675] = ![1141];
[1676] = SDA_BI_$1I1.SDA_BI_Z0 & [1143];
[1677] = UQBN_B118.UQNN_N30 & [1678];
[1678] = ![1143];
[1679] = 1;
[1683] = [1547] & [1548];
[1684] = UQBN_B98.UQNN_N24 & UQBN_B13.UQNN_N23 & [1548];
[1685] = [771] & [1152];
[1686] = UQBN_B287.UQNN_N122 & [771] & [1150];
[1687] = UQBN_B136.UQNN_N36 & [1552];
[1688] = UQBN_B136.UQNN_N36 & [1544];
[1689] = SDA_BI_$1I1.SDA_BI_Z0 & [1127] & [1139];
[1690] = 1;
[1694] = [1562] & [1585] & [1586];
[1695] = [1584] & [1585] & [1586];
[1696] = 1;
[1700] = [1561] & [1563] & [1564];
[1701] = [1562] & [1563] & [1564];
[1702] = 1;
[1706] = [1562] & [1588] & [1589];
[1707] = [1587] & [1588] & [1589];
[1708] = 1;
[1712] = [1562] & [1574] & [1575];
[1713] = [1573] & [1574] & [1575];
[1714] = 1;
[1718] = [1562] & [1579] & [1580];
[1719] = [1578] & [1579] & [1580];
[1720] = 1;
[1724] = [1562] & [1571] & [1572];
[1725] = [1570] & [1571] & [1572];
[1726] = 1;
[1730] = [1562] & [1582] & [1583];
[1731] = [1581] & [1582] & [1583];
[1732] = 1;
[1736] = LED & [1524];
[1737] = UQBN_B19.UQNN_N21 & [1524];
[1738] = [1185];
[1739] = UQBN_B19.UQNN_N21 & [1524];
[1740] = UQBN_B306.UQNN_N154 & [1538] & [1745];
[1741] = UQBN_B23.UQNN_N8 & UQBN_B286.UQNN_N155 & [1744];
[1742] = UQBN_B306.UQNN_N154 & [1538] & [1551];
[1743] = UQBN_B23.UQNN_N8 & [858];
[1744] = !UQBN_B306.UQNN_N154;
[1745] = !UQBN_B286.UQNN_N155;
[1746] = [1191];
[1747] = UQBN_B286.UQNN_N155 & [1124] & [1538];
[1748] = 1;
[1752] = UQBN_B286.UQNN_N155 & [1529] & [1530];
[1753] = [1528] & [1529] & [1530];
[1754] = UQBN_B57.UQNN_N11 & [858];
[1755] = UQBN_B306.UQNN_N154 & UQBN_B57.UQNN_N11 & [1528];
[1756] = UQBN_B221.UQNN_N77 & UQBN_B57.UQNN_N11 & [1744];
[1757] = UQBN_B221.UQNN_N77 & [1538] & [1540];
[1758] = UQBN_B65.UQNN_N13 & [1537];
[1759] = UQBN_B65.UQNN_N13 & [1761];
[1760] = SDA_BI_$1I1.SDA_BI_Z0 & UQBN_B42.UQNN_N10 & [1197];
[1761] = ![1197];
[1762] = SDA_BI_$1I1.SDA_BI_Z0 & [1200];
[1763] = UQBN_B68.UQNN_N14 & [1764];
[1764] = ![1200];
[1765] = UQBN_B42.UQNN_N10 & UQBN_B71.UQNN_N15;
[1766] = UQBN_B71.UQNN_N15 & [1675];
[1767] = SDA_BI_$1I1.SDA_BI_Z0 & [1141] & [1537];
[1768] = SDA_BI_$1I1.SDA_BI_Z0 & [1202];
[1769] = UQBN_B74.UQNN_N16 & [1770];
[1770] = ![1202];
[1771] = UQBN_B42.UQNN_N10 & UQBN_B77.UQNN_N17;
[1772] = UQBN_B77.UQNN_N17 & [1761];
[1773] = SDA_BI_$1I1.SDA_BI_Z0 & [1197] & [1537];
[1774] = [771] & [1204];
[1775] = UQBN_B88.UQNN_N22 & [771] & [1535];
[1776] = UQBN_B127.UQNN_N120 & [771];
[1777] = UQBN_B98.UQNN_N24 & [771] & [1542];
[1778] = [1127] & [1189];
[1779] = [1189] & [1539];
[1780] = UQBN_B306.UQNN_N154 & [1542] & [1544];
[1781] = UQBN_B306.UQNN_N154 & [1543] & [1544];
[1782] = UQBN_B128.UQNN_N33;
[1783] = UQBN_B120.UQNN_N31 & UQBN_B131.UQNN_N34;
[1784] = UQBN_B98.UQNN_N24 & UQBN_B131.UQNN_N34;
[1785] = UQBN_B98.UQNN_N24 & UQBN_B13.UQNN_N23;
[1786] = UQBN_B131.UQNN_N34 & [1549];
[1787] = [1151];
[1788] = UQBN_B128.UQNN_N33 & [1549];
[1789] = UQBN_B33.UQNN_N9 & [858];
[1790] = UQBN_B33.UQNN_N9 & UQBN_B286.UQNN_N155 & [1551];
[1791] = UQBN_B42.UQNN_N10 & [858];
[1792] = UQBN_B286.UQNN_N155 & UQBN_B42.UQNN_N10 & [1557];
[1793] = UQBN_B124.UQNN_N32;
[1794] = UQBN_B15.UQNN_N28 & UQBN_B136.UQNN_N36 & [768];
[1795] = UQBN_B182.UQNN_N49 & UQBN_B287.UQNN_N122 & [1524];
[1796] = UQBN_B182.UQNN_N49 & [1524] & [1532];
[1797] = UQBN_B23.UQNN_N8 & [1560];
[1798] = [1558] & [1559] & [1560];
[1799] = UQBN_B143.UQNN_N38 & UQBN_B33.UQNN_N9 & UQBN_B42.UQNN_N10;
[1800] = UQBN_B152.UQNN_N42 & UQBN_B33.UQNN_N9 & [1537];
[1801] = M.M & [783];
[1802] = UQBN_B143.UQNN_N38 & [1568];
[1803] = BCD2_SIG[1].BCD2_SIG[1] & [780];
[1804] = BCD4_SIG[1].BCD4_SIG[1] & [781];
[1805] = OVFL_SIG.OVFL_SIG & [783];
[1806] = UQBN_B152.UQNN_N42 & [1568];
[1807] = BCD1_SIG[1].BCD1_SIG[1] & [780];
[1808] = BCD3_SIG[1].BCD3_SIG[1] & [781];
[1809] = UQBN_B147.UQNN_N40 & UQBN_B42.UQNN_N10 & [1536];
[1810] = UQBN_B158.UQNN_N44 & [1536] & [1537];
[1811] = ML_SIG.ML_SIG & [783];
[1812] = UQBN_B147.UQNN_N40 & [1568];
[1813] = BCD2_SIG[3].BCD2_SIG[3] & [780];
[1814] = BCD4_SIG[3].BCD4_SIG[3] & [781];
[1815] = BCD3_SIG[3].BCD3_SIG[3] & [781];
[1816] = UQBN_B158.UQNN_N44 & [1568];
[1817] = BCD5_SIG[3].BCD5_SIG[3] & [779];
[1818] = BCD1_SIG[3].BCD1_SIG[3] & [780];
[1819] = [1129];
[1820] = [1128] & [1537];
[1821] = UQBN_B149.UQNN_N41 & [1126];
[1822] = UQBN_B155.UQNN_N43 & [1124];
[1823] = FREQ_SIG.FREQ_SIG & [783];
[1824] = UQBN_B149.UQNN_N41 & [1568];
[1825] = BCD1_SIG[0].BCD1_SIG[0] & [780];
[1826] = BCD3_SIG[0].BCD3_SIG[0] & [781];
[1827] = TRIGGER_SIG.TRIGGER_SIG & [783];
[1828] = UQBN_B155.UQNN_N43 & [1568];
[1829] = BCD1_SIG[2].BCD1_SIG[2] & [780];
[1830] = BCD3_SIG[2].BCD3_SIG[2] & [781];
[1831] = UQBN_B141.UQNN_N37 & [1127];
[1832] = UQBN_B145.UQNN_N39 & [1125];
[1833] = L.L & [783];
[1834] = UQBN_B141.UQNN_N37 & [1568];
[1835] = BCD2_SIG[0].BCD2_SIG[0] & [780];
[1836] = BCD4_SIG[0].BCD4_SIG[0] & [781];
[1837] = N.N & [783];
[1838] = UQBN_B145.UQNN_N39 & [1568];
[1839] = BCD2_SIG[2].BCD2_SIG[2] & [780];
[1840] = BCD4_SIG[2].BCD4_SIG[2] & [781];
Synthesis and partitioning completed unsuccessfully


Design process management completed unsuccessfully
