ispEXPERT Compiler Release 2.0.00.17.20.15, May 20 2002 13:06:40


Design Parameters
-----------------

EFFORT:                         LOW (1)
IGNORE_FIXED_PIN:               OFF
MAX_GLB_IN:                     2
MAX_GLB_OUT:                    1
OUTPUT_FORM:                    VERILOG, VHDL
OS_VERSION:                     Windows NT 6.1
PARAM_FILE:                     'c:\projekt\espfluke\ver1\run1\ispxpert'
PIN_FILE:                       'c:\projekt\espfluke\ver1\run1\espfluke.xpn'
STRATEGY:                       DELAY
TIMING_ANALYZER:                ON 
USE_GLOBAL_RESET:               ON


Design Specification
--------------------

Design:                         espfluke
Part:                           ispLSI1032E-70LJ84


ISP:                            ON
ISP_EXCEPT_Y2:                  OFF
PULL:                           UP
SECURITY:                       OFF
SLOWSLEW:                       OFF


Number of Critical Pins:        0
Number of Free Pins:            1
Number of Locked Pins:          18
Number of Reserved Pins:        0


Input Pins

    Pin Name                Pin Attribute

        AS_IN(1)                LOCK 52, PULLUP
        AS_IN(2)                LOCK 51, PULLUP
        AS_IN(3)                LOCK 50, PULLUP
        AS_IN(4)                LOCK 49, PULLUP
        AS_IN(5)                LOCK 48, PULLUP
        AS_IN(6)                LOCK 53, PULLUP
        CLK_MASTER              PULLUP
        DS_IN                   LOCK 72, PULLUP
        ML_IN                   LOCK 71, PULLUP
        MUP_IN                  LOCK 70, PULLUP
        OUT_IN(0)               LOCK 56, PULLUP
        OUT_IN(1)               LOCK 57, PULLUP
        OUT_IN(2)               LOCK 58, PULLUP
        OUT_IN(3)               LOCK 59, PULLUP
        OVFL_IN                 LOCK 69, PULLUP
        RNG2_IN                 LOCK 46, PULLUP
        SCL_IN                  LOCK 55, PULLUP


Output Pins

    Pin Name                Pin Attribute

        LED                     LOCK 45, PULLUP, SLOWSLEW


Bidirectional Pins

    Pin Name                Pin Attribute

        SDA_BI                  LOCK 54, SLOWSLEW



Synthesis and partitioning statistics:

Number of Macrocells is 350
Number of GLBs is 348
Number of product terms is 411
Maximum number of GLB levels is 12
Average number of inputs per GLB is 2.0
Average number of outputs per GLB is 1.0
Average number of product terms per GLB is 1.2


Detail Description of Functions:

BCD1_SIG_0[0]_$1I31.BCD1_SIG_0[0]_$1N8 = OUT_IN(0) & UPDATE_SIG.UPDATE_SIG;
BCD1_SIG_0[1]_$1I31.BCD1_SIG_0[1]_$1N8 = OUT_IN(1) & UPDATE_SIG.UPDATE_SIG;
BCD1_SIG_0[2]_$1I31.BCD1_SIG_0[2]_$1N8 = OUT_IN(2) & UPDATE_SIG.UPDATE_SIG;
BCD1_SIG_0[3]_$1I31.BCD1_SIG_0[3]_$1N8 = OUT_IN(3) & UPDATE_SIG.UPDATE_SIG;
UQBN_B1.UQNN_N1 = LED & [3042];
UQBN_B2.UQNN_N2 = LED & [3043];
I_2.N_36 = CNT_SIG[0].CNT_SIG[0] & UQBN_B5.READ_REQ_SIG;
L_0_$1I31.L_0_$1N8 = DS_IN & UPDATE_SIG.UPDATE_SIG;
UPDATE_SIG_I.UPDATE_SIG_I = !UPDATE_SIG.UPDATE_SIG;
UQBN_B11.N_33 = [4249] & [4250];
UQBN_B180.UQNN_N47 = UQBN_B182.UQNN_N49 & [3090];
[3400] = [4171] & [4223];
UQBN_B302.UQNN_N156 = [3095] & [4140];
UQBN_B104.UQNN_N176 = UQBN_B103.UQNN_N27 & UQBN_B322.UQNN_N196;
UQBN_B322.UQNN_N196 = [3091] & [3092];
UQBN_B107.UQNN_N67 = UQBN_B103.UQNN_N27 & [3131];
UQBN_B108.UQNN_N89 = UQBN_B15.UQNN_N28 & UQBN_B124.UQNN_N32;
UQBN_B110.UQNN_N175 = UQBN_B15.UQNN_N28 & [4170];
UQBN_B237.UQNN_N91 = UQBN_B45.UQNN_N98 & [4160];
UQBN_B12.UQNN_N3 = UQBN_B62.UQNN_N12 & [4186];
UQBN_B318.UQNN_N182 = UQBN_B317.UQNN_N178 & [4158];
[3380] = [3127] & [4173];
UQBN_B313.UQNN_N166 = [3130] & [4216];
UQBN_B14.UQNN_N4 = UQBN_B64.UQNN_N18 & [4157];
UQBN_B16.UQNN_N5 = SDA_BI_$1I1.SDA_BI_Z0 & [3254];
[3382] = [4210] & [4237];
UQBN_B324.UQNN_N202 = [4210] & [4237];
UQBN_B178.UQNN_N46 = [4140] & [4141];
UQBN_B18.UQNN_N6 = [3260] & [4150];
[3384] = [4142] & [4143];
[3403] = [4212] & [4213];
UQBN_B188.UQNN_N64 = [4160] & [4181];
UQBN_B287.UQNN_N122 = [3121] & [3122];
UQBN_B199.UQNN_N68 = [3101] & [4180];
UQBN_B202.UQNN_N69 = [3105] & [4151];
UQBN_B205.UQNN_N70 = [3283] & [4151];
UQBN_B208.UQNN_N71 = [3287] & [4152];
UQBN_B211.UQNN_N72 = [3291] & [4152];
UQBN_B28.UQNN_N73 = UQBN_B230.UQNN_N218 & UQBN_B23.UQNN_N8;
UQBN_B216.UQNN_N74 = UQBN_B230.UQNN_N218 & [4180];
UQBN_B230.UQNN_N218 = UQBN_B22.UQNN_N86 & UQBN_B303.UQNN_N195;
UQBN_B221.UQNN_N77 = UQBN_B45.UQNN_N98 & UQBN_B306.UQNN_N154;
UQBN_B58.UQNN_N76 = UQBN_B306.UQNN_N154 & UQBN_B57.UQNN_N11;
UQBN_B22.UQNN_N86 = UQBN_B188.UQNN_N64 & [3100];
UQBN_B45.UQNN_N98 = UQBN_B24.UQNN_N194 & UQBN_B42.UQNN_N10;
UQBN_B306.UQNN_N154 = UQBN_B286.UQNN_N155 & [4164];
UQBN_B224.UQNN_N80 = UQBN_B306.UQNN_N154 & UQBN_B24.UQNN_N194;
UQBN_B46.UQNN_N79 = UQBN_B286.UQNN_N155 & UQBN_B42.UQNN_N10;
UQBN_B24.UQNN_N194 = UQBN_B23.UQNN_N8 & UQBN_B33.UQNN_N9;
UQBN_B26.UQNN_N83 = UQBN_B23.UQNN_N8 & UQBN_B286.UQNN_N155;
UQBN_B36.UQNN_N85 = UQBN_B33.UQNN_N9 & UQBN_B286.UQNN_N155;
UQBN_B303.UQNN_N195 = [4151] & [4152];
UQBN_B80.UQNN_N87 = SCL_IN & UQBN_B64.UQNN_N18;
UQBN_B300.UQNN_N180 = [4140] & [4149];
UQBN_B34.UQNN_N94 = UQBN_B22.UQNN_N86 & UQBN_B33.UQNN_N9;
UQBN_B323.UQNN_N199 = [3265] & [3266];
UQBN_B43.UQNN_N97 = UQBN_B22.UQNN_N86 & UQBN_B42.UQNN_N10;
UQBN_B286.UQNN_N155 = UQBN_B317.UQNN_N178 & [4165];
UQBN_B92.UQNN_N173 = UQBN_B98.UQNN_N24 & UQBN_B13.UQNN_N23;
UQBN_B90.UQNN_N115 = UQBN_B322.UQNN_N196 & UQBN_B88.UQNN_N22;
UQBN_B317.UQNN_N178 = UQBN_B300.UQNN_N180 & [4159];
UQBN_B292.UQNN_N240 = UQBN_B92.UQNN_N173 & [4150];
UQBN_B307.UQNN_N163 = [3303] & [4164];
[2994] = BCD1_SIG[0].BCD1_SIG[0] & UPDATE_SIG_I.UPDATE_SIG_I;
[3315] = [4354] & [4355];
[2996] = BCD1_SIG[1].BCD1_SIG[1] & UPDATE_SIG_I.UPDATE_SIG_I;
[3321] = [4282] & [4283];
[2998] = BCD1_SIG[2].BCD1_SIG[2] & UPDATE_SIG_I.UPDATE_SIG_I;
[3327] = [4321] & [4322];
[3000] = BCD1_SIG[3].BCD1_SIG[3] & UPDATE_SIG_I.UPDATE_SIG_I;
[3333] = [4247] & [4248];
[3002] = BCD2_SIG[0].BCD2_SIG[0] & UPDATE_SIG_I.UPDATE_SIG_I;
[3316] = [4354] & [4371];
[3004] = BCD2_SIG[1].BCD2_SIG[1] & UPDATE_SIG_I.UPDATE_SIG_I;
[3322] = [4282] & [4299];
[3006] = BCD2_SIG[2].BCD2_SIG[2] & UPDATE_SIG_I.UPDATE_SIG_I;
[3328] = [4321] & [4336];
[3008] = BCD2_SIG[3].BCD2_SIG[3] & UPDATE_SIG_I.UPDATE_SIG_I;
[3334] = [4247] & [4263];
[3010] = BCD3_SIG[0].BCD3_SIG[0] & UPDATE_SIG_I.UPDATE_SIG_I;
[3317] = [4354] & [4360];
[3012] = BCD3_SIG[1].BCD3_SIG[1] & UPDATE_SIG_I.UPDATE_SIG_I;
[3323] = [4282] & [4288];
[3014] = BCD3_SIG[2].BCD3_SIG[2] & UPDATE_SIG_I.UPDATE_SIG_I;
[3329] = [4321] & [4327];
[3016] = BCD3_SIG[3].BCD3_SIG[3] & UPDATE_SIG_I.UPDATE_SIG_I;
[3335] = [4247] & [4254];
[3018] = BCD4_SIG[0].BCD4_SIG[0] & UPDATE_SIG_I.UPDATE_SIG_I;
[3318] = [4354] & [4376];
[3020] = BCD4_SIG[1].BCD4_SIG[1] & UPDATE_SIG_I.UPDATE_SIG_I;
[3324] = [4282] & [4304];
[3022] = BCD4_SIG[2].BCD4_SIG[2] & UPDATE_SIG_I.UPDATE_SIG_I;
[3330] = [4321] & [4341];
[3024] = BCD4_SIG[3].BCD4_SIG[3] & UPDATE_SIG_I.UPDATE_SIG_I;
[3336] = [4247] & [4268];
[3026] = BCD5_SIG[0].BCD5_SIG[0] & UPDATE_SIG_I.UPDATE_SIG_I;
[3319] = [4354] & [4356];
[3028] = BCD5_SIG[1].BCD5_SIG[1] & UPDATE_SIG_I.UPDATE_SIG_I;
[3325] = [4282] & [4284];
[3030] = BCD5_SIG[2].BCD5_SIG[2] & UPDATE_SIG_I.UPDATE_SIG_I;
[3331] = [4321] & [4323];
[3032] = BCD5_SIG[3].BCD5_SIG[3] & UPDATE_SIG_I.UPDATE_SIG_I;
[3337] = [4247] & [4253];
[3034] = BCD6_SIG[0].BCD6_SIG[0] & UPDATE_SIG_I.UPDATE_SIG_I;
[3320] = [4354] & [4372];
[3036] = BCD6_SIG[1].BCD6_SIG[1] & UPDATE_SIG_I.UPDATE_SIG_I;
[3326] = [4282] & [4300];
[3038] = BCD6_SIG[2].BCD6_SIG[2] & UPDATE_SIG_I.UPDATE_SIG_I;
[3332] = [4321] & [4337];
[3040] = BCD6_SIG[3].BCD6_SIG[3] & UPDATE_SIG_I.UPDATE_SIG_I;
[3338] = [4247] & [4264];
[3042] = [4622] # [4621];
[3043] = [4625] # [4624];
[3044] = FREQ_SIG.FREQ_SIG & UPDATE_SIG_I.UPDATE_SIG_I;
[3045] = RNG2_IN & UPDATE_SIG.UPDATE_SIG;
[3340] = [4361] & [4362];
[3047] = L.L & UPDATE_SIG_I.UPDATE_SIG_I;
[3311] = [4305] & [4377];
[3049] = M.M & UPDATE_SIG_I.UPDATE_SIG_I;
[3312] = [4305] & [4306];
[3051] = ML_SIG.ML_SIG & UPDATE_SIG_I.UPDATE_SIG_I;
[3052] = ML_IN & UPDATE_SIG.UPDATE_SIG;
[3314] = [4269] & [4270];
[3054] = N.N & UPDATE_SIG_I.UPDATE_SIG_I;
[3313] = [4305] & [4342];
[3056] = OVFL_SIG.OVFL_SIG & UPDATE_SIG_I.UPDATE_SIG_I;
[3057] = OVFL_IN & UPDATE_SIG.UPDATE_SIG;
[3339] = [4289] & [4290];
[3310] = AS_IN(6) & [4252];
[3309] = UPDATE_SIG_I.UPDATE_SIG_I & [4251];
[3308] = AS_IN(1) & LED;
[3062] = UQBN_B158.UQNN_N44 & [4152];
[3063] = UQBN_B147.UQNN_N40 & UQBN_B42.UQNN_N10;
[3415] = [4233] & [4234];
[3066] = UQBN_B152.UQNN_N42 & [4152];
[3067] = UQBN_B143.UQNN_N38 & UQBN_B42.UQNN_N10;
[3413] = [4272] & [4273];
[3070] = [4151] & [4232];
[3071] = UQBN_B33.UQNN_N9 & [4271];
[3412] = [4230] & [4231];
[3074] = UQBN_B155.UQNN_N43 & [4152];
[3075] = UQBN_B145.UQNN_N39 & UQBN_B42.UQNN_N10;
[3414] = [4311] & [4312];
[3078] = UQBN_B149.UQNN_N41 & [4152];
[3079] = UQBN_B141.UQNN_N37 & UQBN_B42.UQNN_N10;
[3411] = [4344] & [4345];
[3082] = [4151] & [4310];
[3083] = UQBN_B33.UQNN_N9 & [4343];
[3410] = [4308] & [4309];
[3086] = [4180] & [4229];
[3087] = UQBN_B23.UQNN_N8 & [4307];
[3409] = [4227] & [4228];
[3090] = UQBN_B124.UQNN_N32 & [4226];
[3091] = UQBN_B303.UQNN_N195 & UQBN_B57.UQNN_N11;
[3092] = UQBN_B15.UQNN_N28 & [4180];
[3372] = [4148] & [4149];
[3416] = UQBN_B322.UQNN_N196 & [4149];
[3095] = [4146] & [4147];
[3422] = UQBN_B23.UQNN_N8 & UQBN_B33.UQNN_N9;
[3421] = UQBN_B42.UQNN_N10 & [3422];
[3100] = UQBN_B103.UQNN_N27 & UQBN_B13.UQNN_N23;
[3101] = UQBN_B34.UQNN_N94 & UQBN_B42.UQNN_N10;
[3102] = UQBN_B115.UQNN_N29 & [4179];
[3103] = SDA_BI_$1I1.SDA_BI_Z0 & UQBN_B199.UQNN_N68;
[3373] = [4177] & [4178];
[3105] = UQBN_B23.UQNN_N8 & UQBN_B43.UQNN_N97;
[3106] = UQBN_B118.UQNN_N30 & [4189];
[3107] = SDA_BI_$1I1.SDA_BI_Z0 & UQBN_B202.UQNN_N69;
[3376] = [4187] & [4188];
[3109] = UQBN_B120.UQNN_N31 & [4215];
[3393] = [4210] & [4211];
[3399] = UQBN_B120.UQNN_N31 & UQBN_B131.UQNN_N34;
[3398] = [4171] & [4172];
[3395] = UQBN_B110.UQNN_N175 & UQBN_B136.UQNN_N36;
[3114] = UQBN_B15.UQNN_N28 & UQBN_B237.UQNN_N91;
[3401] = UQBN_B124.UQNN_N32 & [3114];
[3394] = [4223] & [4224];
[3117] = UQBN_B300.UQNN_N180 & [4176];
[3118] = UQBN_B115.UQNN_N29 & UQBN_B118.UQNN_N30;
[3119] = [4190] & [4191];
[3120] = [4202] & [4203];
[3121] = [3118] & [3119];
[3122] = [3120] & [4198];
[3123] = UQBN_B104.UQNN_N176 & UQBN_B300.UQNN_N180;
[3405] = UQBN_B128.UQNN_N33 & [3117];
[3381] = UQBN_B287.UQNN_N122 & [3123];
[3417] = UQBN_B300.UQNN_N180 & UQBN_B90.UQNN_N115;
[3127] = [4174] & [4175];
[3406] = [4215] & [4219];
[3418] = UQBN_B15.UQNN_N28 & [4217];
[3130] = UQBN_B300.UQNN_N180 & [4218];
[3131] = UQBN_B237.UQNN_N91 & UQBN_B13.UQNN_N23;
[3132] = UQBN_B136.UQNN_N36 & [4222];
[3133] = SDA_BI_$1I1.SDA_BI_Z0 & UQBN_B107.UQNN_N67;
[3391] = [4220] & [4221];
[3135] = UQBN_B104.UQNN_N176 & UQBN_B136.UQNN_N36;
[3383] = UQBN_B287.UQNN_N122 & [3135];
[3137] = BCD2_SIG[0].BCD2_SIG[0] & [4246];
[3138] = BCD6_SIG[0].BCD6_SIG[0] & CNT_SIG[1].CNT_SIG[1];
[3355] = [4369] & [4370];
[3141] = BCD4_SIG[0].BCD4_SIG[0] & [4246];
[3142] = CNT_SIG[1].CNT_SIG[1] & L.L;
[3368] = [4374] & [4375];
[3145] = [4242] & [4368];
[3146] = CNT_SIG[0].CNT_SIG[0] & [4373];
[3354] = [4366] & [4367];
[3149] = UQBN_B141.UQNN_N37 & UQBN_B324.UQNN_N202;
[3150] = [4238] & [4365];
[3353] = [4363] & [4364];
[3152] = BCD2_SIG[1].BCD2_SIG[1] & [4246];
[3153] = BCD6_SIG[1].BCD6_SIG[1] & CNT_SIG[1].CNT_SIG[1];
[3358] = [4297] & [4298];
[3156] = BCD4_SIG[1].BCD4_SIG[1] & [4246];
[3157] = CNT_SIG[1].CNT_SIG[1] & M.M;
[3369] = [4302] & [4303];
[3160] = [4242] & [4296];
[3161] = CNT_SIG[0].CNT_SIG[0] & [4301];
[3357] = [4294] & [4295];
[3164] = UQBN_B143.UQNN_N38 & UQBN_B324.UQNN_N202;
[3165] = [4238] & [4293];
[3356] = [4291] & [4292];
[3167] = BCD2_SIG[2].BCD2_SIG[2] & [4246];
[3168] = BCD6_SIG[2].BCD6_SIG[2] & CNT_SIG[1].CNT_SIG[1];
[3361] = [4334] & [4335];
[3171] = BCD4_SIG[2].BCD4_SIG[2] & [4246];
[3172] = CNT_SIG[1].CNT_SIG[1] & N.N;
[3370] = [4339] & [4340];
[3175] = [4242] & [4333];
[3176] = CNT_SIG[0].CNT_SIG[0] & [4338];
[3360] = [4331] & [4332];
[3179] = UQBN_B145.UQNN_N39 & UQBN_B324.UQNN_N202;
[3180] = [4238] & [4330];
[3359] = [4328] & [4329];
[3182] = BCD2_SIG[3].BCD2_SIG[3] & [4246];
[3183] = BCD6_SIG[3].BCD6_SIG[3] & CNT_SIG[1].CNT_SIG[1];
[3364] = [4261] & [4262];
[3186] = BCD4_SIG[3].BCD4_SIG[3] & [4246];
[3187] = CNT_SIG[1].CNT_SIG[1] & ML_SIG.ML_SIG;
[3371] = [4266] & [4267];
[3190] = [4242] & [4260];
[3191] = CNT_SIG[0].CNT_SIG[0] & [4265];
[3363] = [4258] & [4259];
[3194] = UQBN_B147.UQNN_N40 & UQBN_B324.UQNN_N202;
[3195] = [4238] & [4257];
[3362] = [4255] & [4256];
[3197] = BCD1_SIG[0].BCD1_SIG[0] & [4246];
[3198] = BCD5_SIG[0].BCD5_SIG[0] & CNT_SIG[1].CNT_SIG[1];
[3343] = [4352] & [4353];
[3201] = BCD3_SIG[0].BCD3_SIG[0] & [4246];
[3202] = CNT_SIG[1].CNT_SIG[1] & FREQ_SIG.FREQ_SIG;
[3365] = [4358] & [4359];
[3205] = [4242] & [4351];
[3206] = CNT_SIG[0].CNT_SIG[0] & [4357];
[3342] = [4349] & [4350];
[3209] = UQBN_B149.UQNN_N41 & UQBN_B324.UQNN_N202;
[3210] = [4238] & [4348];
[3341] = [4346] & [4347];
[3212] = BCD1_SIG[1].BCD1_SIG[1] & [4246];
[3213] = BCD5_SIG[1].BCD5_SIG[1] & CNT_SIG[1].CNT_SIG[1];
[3346] = [4280] & [4281];
[3216] = BCD3_SIG[1].BCD3_SIG[1] & [4246];
[3217] = CNT_SIG[1].CNT_SIG[1] & OVFL_SIG.OVFL_SIG;
[3366] = [4286] & [4287];
[3220] = [4242] & [4279];
[3221] = CNT_SIG[0].CNT_SIG[0] & [4285];
[3345] = [4277] & [4278];
[3224] = UQBN_B152.UQNN_N42 & UQBN_B324.UQNN_N202;
[3225] = [4238] & [4276];
[3344] = [4274] & [4275];
[3227] = BCD1_SIG[2].BCD1_SIG[2] & [4246];
[3228] = BCD5_SIG[2].BCD5_SIG[2] & CNT_SIG[1].CNT_SIG[1];
[3349] = [4319] & [4320];
[3231] = BCD3_SIG[2].BCD3_SIG[2] & [4246];
[3232] = CNT_SIG[1].CNT_SIG[1] & TRIGGER_SIG.TRIGGER_SIG;
[3367] = [4325] & [4326];
[3235] = [4242] & [4318];
[3236] = CNT_SIG[0].CNT_SIG[0] & [4324];
[3348] = [4316] & [4317];
[3239] = UQBN_B155.UQNN_N43 & UQBN_B324.UQNN_N202;
[3240] = [4238] & [4315];
[3347] = [4313] & [4314];
[3242] = BCD1_SIG[3].BCD1_SIG[3] & [4246];
[3243] = BCD5_SIG[3].BCD5_SIG[3] & CNT_SIG[1].CNT_SIG[1];
[3352] = [4244] & [4245];
[3246] = BCD3_SIG[3].BCD3_SIG[3] & [4246];
[3247] = [4242] & [4243];
[3248] = CNT_SIG[0].CNT_SIG[0] & [3246];
[3351] = [4240] & [4241];
[3251] = UQBN_B158.UQNN_N44 & UQBN_B324.UQNN_N202;
[3252] = [4238] & [4239];
[3350] = [4235] & [4236];
[3254] = UQBN_B80.UQNN_N87 & [4378];
[3420] = [4149] & [4252];
[3386] = UQBN_B104.UQNN_N176 & [4145];
[3257] = UQBN_B182.UQNN_N49 & [4144];
[3385] = [3257] & [4140];
[3419] = UQBN_B19.UQNN_N21 & [4140];
[3260] = UQBN_B80.UQNN_N87 & UQBN_B82.UQNN_N19;
[3402] = UQBN_B108.UQNN_N89 & UQBN_B188.UQNN_N64;
[3407] = UQBN_B13.UQNN_N23 & UQBN_B88.UQNN_N22;
[3263] = UQBN_B13.UQNN_N23 & [4160];
[3392] = UQBN_B103.UQNN_N27 & [3263];
[3265] = [4155] & [4156];
[3266] = UQBN_B306.UQNN_N154 & [4225];
[3267] = [4607] # [4606];
[3268] = UQBN_B23.UQNN_N8 & UQBN_B323.UQNN_N199;
[3269] = [3267] & [4163];
[3387] = [4161] & [4162];
[3271] = [4619] # [4618];
[3272] = UQBN_B33.UQNN_N9 & UQBN_B323.UQNN_N199;
[3273] = [3271] & [4163];
[3388] = [4153] & [4154];
[3275] = [4615] # [4614];
[3276] = UQBN_B323.UQNN_N199 & UQBN_B42.UQNN_N10;
[3277] = [3275] & [4163];
[3389] = [4184] & [4185];
[3279] = [4611] # [4610];
[3280] = UQBN_B323.UQNN_N199 & UQBN_B57.UQNN_N11;
[3281] = [3279] & [4163];
[3390] = [4182] & [4183];
[3283] = UQBN_B43.UQNN_N97 & [4180];
[3284] = UQBN_B65.UQNN_N13 & [4194];
[3285] = SDA_BI_$1I1.SDA_BI_Z0 & UQBN_B205.UQNN_N70;
[3377] = [4192] & [4193];
[3287] = UQBN_B23.UQNN_N8 & UQBN_B34.UQNN_N94;
[3288] = UQBN_B68.UQNN_N14 & [4197];
[3289] = SDA_BI_$1I1.SDA_BI_Z0 & UQBN_B208.UQNN_N71;
[3374] = [4195] & [4196];
[3291] = UQBN_B34.UQNN_N94 & [4180];
[3292] = UQBN_B71.UQNN_N15 & [4206];
[3293] = SDA_BI_$1I1.SDA_BI_Z0 & UQBN_B211.UQNN_N72;
[3375] = [4204] & [4205];
[3295] = UQBN_B74.UQNN_N16 & [4209];
[3296] = SDA_BI_$1I1.SDA_BI_Z0 & UQBN_B28.UQNN_N73;
[3378] = [4207] & [4208];
[3298] = UQBN_B77.UQNN_N17 & [4201];
[3299] = SDA_BI_$1I1.SDA_BI_Z0 & UQBN_B216.UQNN_N74;
[3379] = [4199] & [4200];
[3397] = UQBN_B110.UQNN_N175 & [4169];
[3396] = [4167] & [4168];
[3303] = UQBN_B300.UQNN_N180 & [4166];
[3304] = UQBN_B300.UQNN_N180 & [4214];
[3305] = UQBN_B108.UQNN_N89 & UQBN_B300.UQNN_N180;
[3408] = UQBN_B98.UQNN_N24 & [3304];
[3404] = UQBN_B237.UQNN_N91 & [3305];
[4139] = 1;
[4140] = !UQBN_B17.UQNN_N20;
[4141] = ![3420];
[4142] = ![3385];
[4143] = ![3419];
[4144] = ![3386];
[4145] = !UQBN_B287.UQNN_N122;
[4146] = ![3372];
[4147] = ![3416];
[4148] = !UQBN_B103.UQNN_N27;
[4149] = !UQBN_B19.UQNN_N21;
[4150] = !SDA_BI_$1I1.SDA_BI_Z0;
[4151] = !UQBN_B33.UQNN_N9;
[4152] = !UQBN_B42.UQNN_N10;
[4153] = ![3272];
[4154] = ![3273];
[4155] = ![3402];
[4156] = ![3407];
[4157] = !UQBN_B62.UQNN_N12;
[4158] = ![3394];
[4159] = ![3401];
[4160] = !UQBN_B57.UQNN_N11;
[4161] = ![3268];
[4162] = ![3269];
[4163] = !UQBN_B323.UQNN_N199;
[4164] = !UQBN_B90.UQNN_N115;
[4165] = !UQBN_B104.UQNN_N176;
[4166] = ![3396];
[4167] = !UQBN_B88.UQNN_N22;
[4168] = ![3397];
[4169] = !UQBN_B136.UQNN_N36;
[4170] = ![3398];
[4171] = !UQBN_B128.UQNN_N33;
[4172] = ![3399];
[4173] = ![3417];
[4174] = ![3405];
[4175] = ![3381];
[4176] = !UQBN_B15.UQNN_N28;
[4177] = ![3102];
[4178] = ![3103];
[4179] = !UQBN_B199.UQNN_N68;
[4180] = !UQBN_B23.UQNN_N8;
[4181] = ![3421];
[4182] = ![3280];
[4183] = ![3281];
[4184] = ![3276];
[4185] = ![3277];
[4186] = !UQBN_B64.UQNN_N18;
[4187] = ![3106];
[4188] = ![3107];
[4189] = !UQBN_B202.UQNN_N69;
[4190] = !UQBN_B65.UQNN_N13;
[4191] = !UQBN_B68.UQNN_N14;
[4192] = ![3284];
[4193] = ![3285];
[4194] = !UQBN_B205.UQNN_N70;
[4195] = ![3288];
[4196] = ![3289];
[4197] = !UQBN_B208.UQNN_N71;
[4198] = !UQBN_B77.UQNN_N17;
[4199] = ![3298];
[4200] = ![3299];
[4201] = !UQBN_B216.UQNN_N74;
[4202] = !UQBN_B71.UQNN_N15;
[4203] = !UQBN_B74.UQNN_N16;
[4204] = ![3292];
[4205] = ![3293];
[4206] = !UQBN_B211.UQNN_N72;
[4207] = ![3295];
[4208] = ![3296];
[4209] = !UQBN_B28.UQNN_N73;
[4210] = !UQBN_B292.UQNN_N240;
[4211] = ![3109];
[4212] = ![3408];
[4213] = ![3404];
[4214] = !UQBN_B13.UQNN_N23;
[4215] = !UQBN_B92.UQNN_N173;
[4216] = ![3418];
[4217] = !UQBN_B98.UQNN_N24;
[4218] = ![3406];
[4219] = !UQBN_B131.UQNN_N34;
[4220] = ![3132];
[4221] = ![3133];
[4222] = !UQBN_B107.UQNN_N67;
[4223] = !UQBN_B124.UQNN_N32;
[4224] = ![3395];
[4225] = ![3392];
[4226] = ![3409];
[4227] = ![3086];
[4228] = ![3087];
[4229] = ![3412];
[4230] = ![3070];
[4231] = ![3071];
[4232] = ![3415];
[4233] = ![3062];
[4234] = ![3063];
[4235] = ![3251];
[4236] = ![3252];
[4237] = ![3383];
[4238] = !UQBN_B324.UQNN_N202;
[4239] = ![3351];
[4240] = ![3247];
[4241] = ![3248];
[4242] = !CNT_SIG[0].CNT_SIG[0];
[4243] = ![3352];
[4244] = ![3242];
[4245] = ![3243];
[4246] = !CNT_SIG[1].CNT_SIG[1];
[4247] = !BCD1_SIG_0[3]_$1I31.BCD1_SIG_0[3]_$1N8;
[4248] = ![3000];
[4249] = ![3309];
[4250] = ![3308];
[4251] = ![3310];
[4252] = !LED;
[4253] = ![3032];
[4254] = ![3016];
[4255] = ![3194];
[4256] = ![3195];
[4257] = ![3363];
[4258] = ![3190];
[4259] = ![3191];
[4260] = ![3364];
[4261] = ![3182];
[4262] = ![3183];
[4263] = ![3008];
[4264] = ![3040];
[4265] = ![3371];
[4266] = ![3186];
[4267] = ![3187];
[4268] = ![3024];
[4269] = ![3051];
[4270] = ![3052];
[4271] = ![3413];
[4272] = ![3066];
[4273] = ![3067];
[4274] = ![3224];
[4275] = ![3225];
[4276] = ![3345];
[4277] = ![3220];
[4278] = ![3221];
[4279] = ![3346];
[4280] = ![3212];
[4281] = ![3213];
[4282] = !BCD1_SIG_0[1]_$1I31.BCD1_SIG_0[1]_$1N8;
[4283] = ![2996];
[4284] = ![3028];
[4285] = ![3366];
[4286] = ![3216];
[4287] = ![3217];
[4288] = ![3012];
[4289] = ![3056];
[4290] = ![3057];
[4291] = ![3164];
[4292] = ![3165];
[4293] = ![3357];
[4294] = ![3160];
[4295] = ![3161];
[4296] = ![3358];
[4297] = ![3152];
[4298] = ![3153];
[4299] = ![3004];
[4300] = ![3036];
[4301] = ![3369];
[4302] = ![3156];
[4303] = ![3157];
[4304] = ![3020];
[4305] = !L_0_$1I31.L_0_$1N8;
[4306] = ![3049];
[4307] = ![3410];
[4308] = ![3082];
[4309] = ![3083];
[4310] = ![3414];
[4311] = ![3074];
[4312] = ![3075];
[4313] = ![3239];
[4314] = ![3240];
[4315] = ![3348];
[4316] = ![3235];
[4317] = ![3236];
[4318] = ![3349];
[4319] = ![3227];
[4320] = ![3228];
[4321] = !BCD1_SIG_0[2]_$1I31.BCD1_SIG_0[2]_$1N8;
[4322] = ![2998];
[4323] = ![3030];
[4324] = ![3367];
[4325] = ![3231];
[4326] = ![3232];
[4327] = ![3014];
[4328] = ![3179];
[4329] = ![3180];
[4330] = ![3360];
[4331] = ![3175];
[4332] = ![3176];
[4333] = ![3361];
[4334] = ![3167];
[4335] = ![3168];
[4336] = ![3006];
[4337] = ![3038];
[4338] = ![3370];
[4339] = ![3171];
[4340] = ![3172];
[4341] = ![3022];
[4342] = ![3054];
[4343] = ![3411];
[4344] = ![3078];
[4345] = ![3079];
[4346] = ![3209];
[4347] = ![3210];
[4348] = ![3342];
[4349] = ![3205];
[4350] = ![3206];
[4351] = ![3343];
[4352] = ![3197];
[4353] = ![3198];
[4354] = !BCD1_SIG_0[0]_$1I31.BCD1_SIG_0[0]_$1N8;
[4355] = ![2994];
[4356] = ![3026];
[4357] = ![3365];
[4358] = ![3201];
[4359] = ![3202];
[4360] = ![3010];
[4361] = ![3044];
[4362] = ![3045];
[4363] = ![3149];
[4364] = ![3150];
[4365] = ![3354];
[4366] = ![3145];
[4367] = ![3146];
[4368] = ![3355];
[4369] = ![3137];
[4370] = ![3138];
[4371] = ![3002];
[4372] = ![3034];
[4373] = ![3368];
[4374] = ![3141];
[4375] = ![3142];
[4376] = ![3018];
[4377] = ![3047];
[4378] = !UQBN_B82.UQNN_N19;
[4379] = UQBN_B102.UQNN_N26;
[4380] = AS_IN(2);
[4381] = AS_IN(6);
[4382] = 1;
[4386] = 1;
[4390] = 1;
[4394] = 1;
[4398] = 1;
[4402] = 1;
[4406] = 1;
[4410] = 1;
[4414] = 1;
[4418] = 1;
[4422] = 1;
[4426] = 1;
[4430] = 1;
[4434] = 1;
[4438] = 1;
[4442] = 1;
[4446] = 1;
[4450] = 1;
[4454] = 1;
[4458] = 1;
[4462] = 1;
[4466] = 1;
[4470] = 1;
[4474] = 1;
[4478] = 1;
[4482] = 1;
[4486] = 1;
[4490] = 1;
[4494] = 1;
[4498] = 1;
[4502] = 1;
[4506] = 1;
[4510] = 1;
[4514] = 1;
[4518] = 1;
[4522] = 1;
[4526] = 1;
[4530] = 1;
[4534] = 1;
[4538] = 1;
[4542] = 1;
[4546] = 1;
[4550] = 1;
[4554] = 1;
[4558] = 1;
[4562] = 1;
[4566] = 1;
[4570] = 1;
[4574] = 1;
[4578] = 1;
[4582] = 1;
[4586] = 1;
[4590] = 1;
[4594] = 1;
[4598] = 1;
[4602] = 1;
[4606] = UQBN_B26.UQNN_N83 & [4609];
[4607] = UQBN_B306.UQNN_N154 & [4608];
[4608] = !UQBN_B26.UQNN_N83;
[4609] = !UQBN_B306.UQNN_N154;
[4610] = UQBN_B58.UQNN_N76 & [4613];
[4611] = UQBN_B221.UQNN_N77 & [4612];
[4612] = !UQBN_B58.UQNN_N76;
[4613] = !UQBN_B221.UQNN_N77;
[4614] = UQBN_B46.UQNN_N79 & [4617];
[4615] = UQBN_B224.UQNN_N80 & [4616];
[4616] = !UQBN_B46.UQNN_N79;
[4617] = !UQBN_B224.UQNN_N80;
[4618] = UQBN_B36.UQNN_N85 & [4608];
[4619] = UQBN_B26.UQNN_N83 & [4620];
[4620] = !UQBN_B36.UQNN_N85;
[4621] = UQBN_B5.READ_REQ_SIG & [4242];
[4622] = CNT_SIG[0].CNT_SIG[0] & [4623];
[4623] = !UQBN_B5.READ_REQ_SIG;
[4624] = I_2.N_36 & [4246];
[4625] = CNT_SIG[1].CNT_SIG[1] & [4626];
[4626] = !I_2.N_36;
Synthesis and partitioning completed unsuccessfully


Design process management completed unsuccessfully
