ispLEVER Auto-Make Log File
---------------------------

Updating: Constraint Editor
Start to record tcl script...
Finished recording TCL script.

Starting: 'C:\ispLEVER_Classic2_0\ispcpld\bin\edfmerge.exe -i espfluke.efl -prj espfluke -inc "C:\ispLEVER_Classic2_0\ispcpld/plsi/map/plsi_bse.ecf" -flib "C:\ispLEVER_Classic2_0\ispcpld/plsi/map/plsi_map.ecf" -fixname -family plsi -o espfluke.emf'

Done: completed successfully.

Starting: 'C:\ispLEVER_Classic2_0\ispcpld\bin\syndpm.exe -i espfluke.emf -if edif -p ispLSI1032E-70LJ84 -pre -gui'

arg[0] = C:\ispLEVER_Classic2_0\ispcomp\bin\dpm.exe
arg[1] = -i
arg[2] = "C:\Projekt\Fluke_1900a\ESPFLUKE_CPLD\espfluke.emf"
arg[3] = -if
arg[4] = edif
arg[5] = -p
arg[6] = ispLSI1032E-70LJ84
arg[7] = -pre
arg[8] = -s
arg[9] = a
arg[10] = -e
arg[11] = 3
arg[12] = -z
arg[13] = -m
arg[14] = 18
arg[15] = -n
arg[16] = 4
arg[17] = -c
arg[18] = -ta
arg[19] = on
arg[20] = -y
arg[21] = "C:\Projekt\Fluke_1900a\ESPFLUKE_CPLD\espfluke.xpn"
arg[22] = -S
arg[23] = -r
arg[24] = "C:\Projekt\Fluke_1900a\ESPFLUKE_CPLD\ispxpert.par"
cmd line = C:\ispLEVER_Classic2_0\ispcomp\bin\dpm.exe -i "C:\Projekt\Fluke_1900a\ESPFLUKE_CPLD\espfluke.emf" -if edif -p ispLSI1032E-70LJ84 -pre -s a -e 3 -z -m 18 -n 4 -c -ta on -y "C:\Projekt\Fluke_1900a\ESPFLUKE_CPLD\espfluke.xpn" -S -r "C:\Projekt\Fluke_1900a\ESPFLUKE_CPLD\ispxpert.par" 
ispEXPERT Compiler Release 2.0.00.17.20.15, May 20 2002 13:06:40

Copyright (C) 1994-2000 by Lattice Semiconductor Corporation.
All Rights Reserved.


Design Process Management 

Renaming existing log file to espfluke.lo-
Renaming existing parameter file to espfluke.pa-
Renaming existing rpt file to espfluke.rp-

Preprocessing design 'espfluke'...



Lattice EDIF Netlist Reader 
Writing laf netlist ...

MSG: Cross reference file [espfluke.xrf] is created
       Invalid LAF names are mapped to new unique names.


msg: Array and Bundle information is written to file [espfluke.ary]

Please use the file [espfluke.xrf] for cross referencing New LAF and EDIF names.


Edif netlist reader completed successfully.



Done: completed successfully.

Starting: 'C:\ispLEVER_Classic2_0\ispcomp\bin\impsrclever.exe -prj espfluke -log espfluke.ir0 -gui'

Done: completed successfully.

Launching: 'C:\ispLEVER_Classic2_0\ispcpld\bin\lciedit.exe @ce.rsp'

