Running in Lattice mode


Starting:    C:\ispLEVER_Classic2_0\synpbase\bin\mbin\synbatch.exe
Install:     C:\ispLEVER_Classic2_0\synpbase
Date:        Tue Jul 19 14:39:54 2016
Version:     I-2014.03LC 

Arguments:   -product synplify_pro  -batch c:/projekt/espfluke\espfluke.prj
ProductType: synplify_pro





log file: "C:\projekt\espfluke\espfluke.srr"

Running espfluke|espfluke

Running: Compile on espfluke|espfluke

Running: Compile Process on espfluke|espfluke

Running: Compile Input on espfluke|espfluke
Copied C:\projekt\espfluke\synwork\espfluke_comp.srs to C:\projekt\espfluke\espfluke.srs
compiler Completed
Return Code: 0
Run Time:0h:00m:02s

Running: Multi-srs Generator on espfluke|espfluke
Copied C:\projekt\espfluke\synwork\espfluke_comp.srs to C:\projekt\espfluke\synwork\espfluke_s.srs
multi_srs_gen Completed
Return Code: 0
Run Time:0h:00m:00s
Copied C:\projekt\espfluke\synwork\espfluke_mult.srs to C:\projekt\espfluke\espfluke.srs
Copied C:\projekt\espfluke\espfluke.srr to C:\projekt\espfluke\espfluke.srf
Complete: Compile Process on espfluke|espfluke
Complete: Compile on espfluke|espfluke

Running: Map on espfluke|espfluke

Running: Map & Optimize on espfluke|espfluke
fpga_mapper Completed
Return Code: 0
Run Time:0h:00m:00s
Complete: Map on espfluke|espfluke
Complete: Logic Synthesis on espfluke|espfluke

exit status=0

exit status=0

